#-----------------------------------------------------------
# Vivado v2024.1 (64-bit)
# SW Build 5076996 on Wed May 22 18:37:14 MDT 2024
# IP Build 5075265 on Wed May 22 21:45:21 MDT 2024
# SharedData Build 5076995 on Wed May 22 18:29:18 MDT 2024
# Start of session at: Sat Nov 30 12:57:05 2024
# Process ID: 3548
# Current directory: C:/Users/cesar/Documents/GitHub/Asphalt-Journey
# Command line: vivado.exe -gui_launcher_event rodinguilauncherevent9792 C:\Users\cesar\Documents\GitHub\Asphalt-Journey\Asphalt-Journey.xpr
# Log file: C:/Users/cesar/Documents/GitHub/Asphalt-Journey/vivado.log
# Journal file: C:/Users/cesar/Documents/GitHub/Asphalt-Journey\vivado.jou
# Running On        :DESKTOP-1HN8B7K
# Platform          :Windows Server 2016 or Windows 10
# Operating System  :22631
# Processor Detail  :11th Gen Intel(R) Core(TM) i7-1165G7 @ 2.80GHz
# CPU Frequency     :2803 MHz
# CPU Physical cores:4
# CPU Logical cores :8
# Host memory       :16969 MB
# Swap memory       :18253 MB
# Total Virtual     :35223 MB
# Available Virtual :22099 MB
#-----------------------------------------------------------
ststart_guopen_project C:/Users/cesar/Documents/GitHub/Asphalt-Journey/Asphalt-Journey.xpr
ININFO: [Project 1-313] Project file moved from 'C:/ALVARO/UPM/Cuarto de carrera/Primer cuatri/Sistemas electronicos digitales/3. Trabajo/VHDL/Asphalt-Journey' since last save.
WARNING: [filemgmt 56-2] Board Part Repository Path: Could not find the directory 'C:/../../../Users/alvag/AppData/Roaming/Xilinx/Vivado/2024.1/xhub/board_store/xilinx_board_store', nor could it be found using path 'C:/Users/alvag/AppData/Roaming/Xilinx/Vivado/2024.1/xhub/board_store/xilinx_board_store'.
INFO: [filemgmt 56-3] Default IP Output Path : Could not find the directory 'C:/Users/cesar/Documents/GitHub/Asphalt-Journey/Asphalt-Journey.gen/sources_1'.
WARNING: [filemgmt 56-3] IPUserFilesDir: Could not find the directory 'C:/Users/cesar/Documents/GitHub/Asphalt-Journey/Asphalt-Journey.ip_user_files'.
Scanning sources...
Finished scanning sources
INFO: [IP_Flow 19-234] Refreshing IP repositories
INFO: [IP_Flow 19-1704] No user IP repositories specified
WARNING: [Board 49-26] cannot add Board Part digilentinc.com:arty-s7-25:part0:1.1 available at C:/Xilinx/Vivado/2024.1/data/boards/board_files/arty-s7-25/E.0/board.xml as part xc7s25csga324-1 specified in board_part file is either invalid or not available
WARNING: [Board 49-26] cannot add Board Part digilentinc.com:arty-s7-50:part0:1.1 available at C:/Xilinx/Vivado/2024.1/data/boards/board_files/arty-s7-50/B.0/board.xml as part xc7s50csga324-1 specified in board_part file is either invalid or not available
WARNING: [Board 49-26] cannot add Board Part digilentinc.com:arty-z7-10:part0:1.1 available at C:/Xilinx/Vivado/2024.1/data/boards/board_files/arty-z7-10/A.0/board.xml as part xc7z010clg400-1 specified in board_part file is either invalid or not available
WARNING: [Board 49-26] cannot add Board Part digilentinc.com:arty-z7-20:part0:1.1 available at C:/Xilinx/Vivado/2024.1/data/boards/board_files/arty-z7-20/A.0/board.xml as part xc7z020clg400-1 specified in board_part file is either invalid or not available
WARNING: [Board 49-26] cannot add Board Part digilentinc.com:cmod-s7-25:part0:1.0 available at C:/Xilinx/Vivado/2024.1/data/boards/board_files/cmod-s7-25/B.0/board.xml as part xc7s25csga225-1 specified in board_part file is either invalid or not available
WARNING: [Board 49-26] cannot add Board Part digilentinc.com:cora-z7-07s:part0:1.1 available at C:/Xilinx/Vivado/2024.1/data/boards/board_files/cora-z7-07s/B.0/board.xml as part xc7z007sclg400-1 specified in board_part file is either invalid or not available
WARNING: [Board 49-26] cannot add Board Part digilentinc.com:cora-z7-10:part0:1.1 available at C:/Xilinx/Vivado/2024.1/data/boards/board_files/cora-z7-10/B.0/board.xml as part xc7z010clg400-1 specified in board_part file is either invalid or not available
WARNING: [Board 49-26] cannot add Board Part digilentinc.com:eclypse-z7:part0:1.0 available at C:/Xilinx/Vivado/2024.1/data/boards/board_files/eclypse-z7/A.0/board.xml as part xc7z020clg484-1 specified in board_part file is either invalid or not available
WARNING: [Board 49-26] cannot add Board Part digilentinc.com:eclypse-z7:part0:1.1 available at C:/Xilinx/Vivado/2024.1/data/boards/board_files/eclypse-z7/B.0/board.xml as part xc7z020clg484-1 specified in board_part file is either invalid or not available
WARNING: [Board 49-26] cannot add Board Part digilentinc.com:genesys2:part0:1.1 available at C:/Xilinx/Vivado/2024.1/data/boards/board_files/genesys2/H/board.xml as part xc7k325tffg900-2 specified in board_part file is either invalid or not available
WARNING: [Board 49-26] cannot add Board Part digilentinc.com:gzu_3eg:part0:1.0 available at C:/Xilinx/Vivado/2024.1/data/boards/board_files/genesys-zu-3eg/B.0/board.xml as part xczu3eg-sfvc784-1-e specified in board_part file is either invalid or not available
WARNING: [Board 49-26] cannot add Board Part digilentinc.com:gzu_3eg:part0:1.1 available at C:/Xilinx/Vivado/2024.1/data/boards/board_files/genesys-zu-3eg/D.0/board.xml as part xczu3eg-sfvc784-1-e specified in board_part file is either invalid or not available
WARNING: [Board 49-26] cannot add Board Part digilentinc.com:gzu_5ev:part0:1.1 available at C:/Xilinx/Vivado/2024.1/data/boards/board_files/genesys-zu-5ev/C.0/board.xml as part xczu5ev-sfvc784-1-e specified in board_part file is either invalid or not available
WARNING: [Board 49-26] cannot add Board Part digilentinc.com:sword:part0:1.0 available at C:/Xilinx/Vivado/2024.1/data/boards/board_files/sword/C.0/board.xml as part xc7k325tffg900-2 specified in board_part file is either invalid or not available
WARNING: [Board 49-26] cannot add Board Part digilentinc.com:zedboard:part0:1.1 available at C:/Xilinx/Vivado/2024.1/data/boards/board_files/zedboard/1.3/board.xml as part xc7z020clg484-1 specified in board_part file is either invalid or not available
WARNING: [Board 49-26] cannot add Board Part digilentinc.com:zybo-z7-10:part0:1.2 available at C:/Xilinx/Vivado/2024.1/data/boards/board_files/zybo-z7-10/A.0/board.xml as part xc7z010clg400-1 specified in board_part file is either invalid or not available
WARNING: [Board 49-26] cannot add Board Part digilentinc.com:zybo-z7-20:part0:1.2 available at C:/Xilinx/Vivado/2024.1/data/boards/board_files/zybo-z7-20/A.0/board.xml as part xc7z020clg400-1 specified in board_part file is either invalid or not available
WARNING: [Board 49-26] cannot add Board Part digilentinc.com:zybo:part0:1.0 available at C:/Xilinx/Vivado/2024.1/data/boards/board_files/zybo/B.3/board.xml as part xc7z010clg400-1 specified in board_part file is either invalid or not available
WARNING: [Board 49-26] cannot add Board Part digilentinc.com:zybo:part0:2.0 available at C:/Xilinx/Vivado/2024.1/data/boards/board_files/zybo/B.4/board.xml as part xc7z010clg400-1 specified in board_part file is either invalid or not available
WARNING: [Board 49-26] cannot add Board Part xilinx.com:k24c:part0:1.0 available at C:/Xilinx/Vivado/2024.1/data/xhub/boards/XilinxBoardStore/boards/Xilinx/k24c/1.0/board.xml as part xck24-ubva530-2lv-c specified in board_part file is either invalid or not available
WARNING: [Board 49-26] cannot add Board Part xilinx.com:k24i:part0:1.0 available at C:/Xilinx/Vivado/2024.1/data/xhub/boards/XilinxBoardStore/boards/Xilinx/k24i/1.0/board.xml as part xck24-ubva530-2lvi-i specified in board_part file is either invalid or not available
WARNING: [Board 49-26] cannot add Board Part xilinx.com:k26c:part0:1.2 available at C:/Xilinx/Vivado/2024.1/data/xhub/boards/XilinxBoardStore/boards/Xilinx/k26c/1.2/board.xml as part xck26-sfvc784-2lv-c specified in board_part file is either invalid or not available
WARNING: [Board 49-26] cannot add Board Part xilinx.com:k26c:part0:1.3 available at C:/Xilinx/Vivado/2024.1/data/xhub/boards/XilinxBoardStore/boards/Xilinx/k26c/1.3/board.xml as part xck26-sfvc784-2lv-c specified in board_part file is either invalid or not available
WARNING: [Board 49-26] cannot add Board Part xilinx.com:k26c:part0:1.4 available at C:/Xilinx/Vivado/2024.1/data/xhub/boards/XilinxBoardStore/boards/Xilinx/k26c/1.4/board.xml as part xck26-sfvc784-2lv-c specified in board_part file is either invalid or not available
WARNING: [Board 49-26] cannot add Board Part xilinx.com:k26i:part0:1.2 available at C:/Xilinx/Vivado/2024.1/data/xhub/boards/XilinxBoardStore/boards/Xilinx/k26i/1.2/board.xml as part xck26-sfvc784-2lvi-i specified in board_part file is either invalid or not available
WARNING: [Board 49-26] cannot add Board Part xilinx.com:k26i:part0:1.3 available at C:/Xilinx/Vivado/2024.1/data/xhub/boards/XilinxBoardStore/boards/Xilinx/k26i/1.3/board.xml as part xck26-sfvc784-2lvi-i specified in board_part file is either invalid or not available
WARNING: [Board 49-26] cannot add Board Part xilinx.com:k26i:part0:1.4 available at C:/Xilinx/Vivado/2024.1/data/xhub/boards/XilinxBoardStore/boards/Xilinx/k26i/1.4/board.xml as part xck26-sfvc784-2lvi-i specified in board_part file is either invalid or not available
WARNING: [Board 49-26] cannot add Board Part xilinx.com:kc705:part0:1.6 available at C:/Xilinx/Vivado/2024.1/data/xhub/boards/XilinxBoardStore/boards/Xilinx/kc705/1.6/board.xml as part xc7k325tffg900-2 specified in board_part file is either invalid or not available
WARNING: [Board 49-26] cannot add Board Part xilinx.com:kcu105:part0:1.6 available at C:/Xilinx/Vivado/2024.1/data/xhub/boards/XilinxBoardStore/boards/Xilinx/kcu105/1.6/board.xml as part xcku040-ffva1156-2-e specified in board_part file is either invalid or not available
WARNING: [Board 49-26] cannot add Board Part xilinx.com:kcu105:part0:1.7 available at C:/Xilinx/Vivado/2024.1/data/xhub/boards/XilinxBoardStore/boards/Xilinx/kcu105/1.7/board.xml as part xcku040-ffva1156-2-e specified in board_part file is either invalid or not available
WARNING: [Board 49-26] cannot add Board Part xilinx.com:kcu116:part0:1.4 available at C:/Xilinx/Vivado/2024.1/data/xhub/boards/XilinxBoardStore/boards/Xilinx/kcu116/1.4/board.xml as part xcku5p-ffvb676-2-e specified in board_part file is either invalid or not available
WARNING: [Board 49-26] cannot add Board Part xilinx.com:kcu116:part0:1.5 available at C:/Xilinx/Vivado/2024.1/data/xhub/boards/XilinxBoardStore/boards/Xilinx/kcu116/1.5/board.xml as part xcku5p-ffvb676-2-e specified in board_part file is either invalid or not available
WARNING: [Board 49-26] cannot add Board Part xilinx.com:kcu1500:part0:1.2 available at C:/Xilinx/Vivado/2024.1/data/xhub/boards/XilinxBoardStore/boards/Xilinx/kcu1500/1.2/board.xml as part xcku115-flvb2104-2-e specified in board_part file is either invalid or not available
WARNING: [Board 49-26] cannot add Board Part xilinx.com:kd240_som:part0:1.0 available at C:/Xilinx/Vivado/2024.1/data/xhub/boards/XilinxBoardStore/boards/Xilinx/kd240_som/1.0/board.xml as part xck24-ubva530-2lv-c specified in board_part file is either invalid or not available
WARNING: [Board 49-26] cannot add Board Part xilinx.com:kr260_som:part0:1.0 available at C:/Xilinx/Vivado/2024.1/data/xhub/boards/XilinxBoardStore/boards/Xilinx/kr260_som/1.0/board.xml as part xck26-sfvc784-2lv-c specified in board_part file is either invalid or not available
WARNING: [Board 49-26] cannot add Board Part xilinx.com:kr260_som:part0:1.1 available at C:/Xilinx/Vivado/2024.1/data/xhub/boards/XilinxBoardStore/boards/Xilinx/kr260_som/1.1/board.xml as part xck26-sfvc784-2lv-c specified in board_part file is either invalid or not available
WARNING: [Board 49-26] cannot add Board Part xilinx.com:kv260_som:part0:1.2 available at C:/Xilinx/Vivado/2024.1/data/xhub/boards/XilinxBoardStore/boards/Xilinx/kv260_som/1.2/board.xml as part xck26-sfvc784-2lv-c specified in board_part file is either invalid or not available
WARNING: [Board 49-26] cannot add Board Part xilinx.com:kv260_som:part0:1.3 available at C:/Xilinx/Vivado/2024.1/data/xhub/boards/XilinxBoardStore/boards/Xilinx/kv260_som/1.3/board.xml as part xck26-sfvc784-2lv-c specified in board_part file is either invalid or not available
WARNING: [Board 49-26] cannot add Board Part xilinx.com:kv260_som:part0:1.4 available at C:/Xilinx/Vivado/2024.1/data/xhub/boards/XilinxBoardStore/boards/Xilinx/kv260_som/1.4/board.xml as part xck26-sfvc784-2lv-c specified in board_part file is either invalid or not available
WARNING: [Board 49-26] cannot add Board Part xilinx.com:sp701:part0:1.0 available at C:/Xilinx/Vivado/2024.1/data/xhub/boards/XilinxBoardStore/boards/Xilinx/sp701/1.0/board.xml as part xc7s100fgga676-2 specified in board_part file is either invalid or not available
WARNING: [Board 49-26] cannot add Board Part xilinx.com:sp701:part0:1.1 available at C:/Xilinx/Vivado/2024.1/data/xhub/boards/XilinxBoardStore/boards/Xilinx/sp701/1.1/board.xml as part xc7s100fgga676-2 specified in board_part file is either invalid or not available
WARNING: [Board 49-26] cannot add Board Part xilinx.com:vc707:part0:1.4 available at C:/Xilinx/Vivado/2024.1/data/xhub/boards/XilinxBoardStore/boards/Xilinx/vc707/1.4/board.xml as part xc7vx485tffg1761-2 specified in board_part file is either invalid or not available
WARNING: [Board 49-26] cannot add Board Part xilinx.com:vc709:part0:1.8 available at C:/Xilinx/Vivado/2024.1/data/xhub/boards/XilinxBoardStore/boards/Xilinx/vc709/1.8/board.xml as part xc7vx690tffg1761-2 specified in board_part file is either invalid or not available
WARNING: [Board 49-26] cannot add Board Part xilinx.com:vck190:part0:2.2 available at C:/Xilinx/Vivado/2024.1/data/xhub/boards/XilinxBoardStore/boards/Xilinx/vck190/production/2.2/board.xml as part xcvc1902-vsva2197-2mp-e-s specified in board_part file is either invalid or not available
WARNING: [Board 49-26] cannot add Board Part xilinx.com:vck190:part0:3.0 available at C:/Xilinx/Vivado/2024.1/data/xhub/boards/XilinxBoardStore/boards/Xilinx/vck190/production/3.0/board.xml as part xcvc1902-vsva2197-2mp-e-s specified in board_part file is either invalid or not available
WARNING: [Board 49-26] cannot add Board Part xilinx.com:vck190:part0:3.1 available at C:/Xilinx/Vivado/2024.1/data/xhub/boards/XilinxBoardStore/boards/Xilinx/vck190/production/3.1/board.xml as part xcvc1902-vsva2197-2mp-e-s specified in board_part file is either invalid or not available
WARNING: [Board 49-26] cannot add Board Part xilinx.com:vck190:part0:3.2 available at C:/Xilinx/Vivado/2024.1/data/xhub/boards/XilinxBoardStore/boards/Xilinx/vck190/production/3.2/board.xml as part xcvc1902-vsva2197-2mp-e-s specified in board_part file is either invalid or not available
WARNING: [Board 49-26] cannot add Board Part xilinx.com:vck190:part0:3.3 available at C:/Xilinx/Vivado/2024.1/data/xhub/boards/XilinxBoardStore/boards/Xilinx/vck190/production/3.3/board.xml as part xcvc1902-vsva2197-2mp-e-s specified in board_part file is either invalid or not available
WARNING: [Board 49-26] cannot add Board Part xilinx.com:vck190_newl:part0:1.0 available at C:/Xilinx/Vivado/2024.1/data/xhub/boards/XilinxBoardStore/boards/Xilinx/vck190_newl/production/1.0/board.xml as part xcvc1902-vsva2197-2mp-e-s specified in board_part file is either invalid or not available
WARNING: [Board 49-26] cannot add Board Part xilinx.com:vck190_newl:part0:1.1 available at C:/Xilinx/Vivado/2024.1/data/xhub/boards/XilinxBoardStore/boards/Xilinx/vck190_newl/production/1.1/board.xml as part xcvc1902-vsva2197-2mp-e-s specified in board_part file is either invalid or not available
WARNING: [Board 49-26] cannot add Board Part xilinx.com:vck190_newl:part0:1.2 available at C:/Xilinx/Vivado/2024.1/data/xhub/boards/XilinxBoardStore/boards/Xilinx/vck190_newl/production/1.2/board.xml as part xcvc1902-vsva2197-2mp-e-s specified in board_part file is either invalid or not available
WARNING: [Board 49-26] cannot add Board Part xilinx.com:vcu108:part0:1.6 available at C:/Xilinx/Vivado/2024.1/data/xhub/boards/XilinxBoardStore/boards/Xilinx/vcu108/1.6/board.xml as part xcvu095-ffva2104-2-e specified in board_part file is either invalid or not available
WARNING: [Board 49-26] cannot add Board Part xilinx.com:vcu108:part0:1.7 available at C:/Xilinx/Vivado/2024.1/data/xhub/boards/XilinxBoardStore/boards/Xilinx/vcu108/1.7/board.xml as part xcvu095-ffva2104-2-e specified in board_part file is either invalid or not available
WARNING: [Board 49-26] cannot add Board Part xilinx.com:vcu110:part0:1.4 available at C:/Xilinx/Vivado/2024.1/data/xhub/boards/XilinxBoardStore/boards/Xilinx/vcu110/1.4/board.xml as part xcvu190-flgc2104-2-e specified in board_part file is either invalid or not available
WARNING: [Board 49-26] cannot add Board Part xilinx.com:vcu118:part0:2.0 available at C:/Xilinx/Vivado/2024.1/data/xhub/boards/XilinxBoardStore/boards/Xilinx/vcu118/2.0/board.xml as part xcvu9p-flga2104-2l-e specified in board_part file is either invalid or not available
WARNING: [Board 49-26] cannot add Board Part xilinx.com:vcu118:part0:2.3 available at C:/Xilinx/Vivado/2024.1/data/xhub/boards/XilinxBoardStore/boards/Xilinx/vcu118/2.3/board.xml as part xcvu9p-flga2104-2l-e specified in board_part file is either invalid or not available
WARNING: [Board 49-26] cannot add Board Part xilinx.com:vcu118:part0:2.4 available at C:/Xilinx/Vivado/2024.1/data/xhub/boards/XilinxBoardStore/boards/Xilinx/vcu118/2.4/board.xml as part xcvu9p-flga2104-2l-e specified in board_part file is either invalid or not available
WARNING: [Board 49-26] cannot add Board Part xilinx.com:vcu128:part0:1.0 available at C:/Xilinx/Vivado/2024.1/data/xhub/boards/XilinxBoardStore/boards/Xilinx/vcu128/production/1.0/board.xml as part xcvu37p-fsvh2892-2l-e specified in board_part file is either invalid or not available
WARNING: [Board 49-26] cannot add Board Part xilinx.com:vcu129:part0:1.0 available at C:/Xilinx/Vivado/2024.1/data/xhub/boards/XilinxBoardStore/boards/Xilinx/vcu129/production/1.0/board.xml as part xcvu29p-fsga2577-2l-e specified in board_part file is either invalid or not available
WARNING: [Board 49-26] cannot add Board Part xilinx.com:vcu1525:part0:1.3 available at C:/Xilinx/Vivado/2024.1/data/xhub/boards/XilinxBoardStore/boards/Xilinx/vcu1525/1.3/board.xml as part xcvu9p-fsgd2104-2l-e specified in board_part file is either invalid or not available
WARNING: [Board 49-26] cannot add Board Part xilinx.com:vek280:part0:1.0 available at C:/Xilinx/Vivado/2024.1/data/xhub/boards/XilinxBoardStore/boards/Xilinx/vek280/production/1.0/board.xml as part xcve2802-vsvh1760-2mp-e-s specified in board_part file is either invalid or not available
WARNING: [Board 49-26] cannot add Board Part xilinx.com:vek280:part0:1.1 available at C:/Xilinx/Vivado/2024.1/data/xhub/boards/XilinxBoardStore/boards/Xilinx/vek280/production/1.1/board.xml as part xcve2802-vsvh1760-2mp-e-s specified in board_part file is either invalid or not available
WARNING: [Board 49-26] cannot add Board Part xilinx.com:vek280:part0:1.2 available at C:/Xilinx/Vivado/2024.1/data/xhub/boards/XilinxBoardStore/boards/Xilinx/vek280/production/1.2/board.xml as part xcve2802-vsvh1760-2mp-e-s specified in board_part file is either invalid or not available
WARNING: [Board 49-26] cannot add Board Part xilinx.com:vek280_es:part0:1.0 available at C:/Xilinx/Vivado/2024.1/data/xhub/boards/XilinxBoardStore/boards/Xilinx/vek280/es/rev_a/1.0/board.xml as part xcve2802-vsvh1760-2lp-e-s-es1 specified in board_part file is either invalid or not available
WARNING: [Board 49-26] cannot add Board Part xilinx.com:vek280_es:part0:1.1 available at C:/Xilinx/Vivado/2024.1/data/xhub/boards/XilinxBoardStore/boards/Xilinx/vek280/es/rev_a/1.1/board.xml as part xcve2802-vsvh1760-2lp-e-s-es1 specified in board_part file is either invalid or not available
WARNING: [Board 49-26] cannot add Board Part xilinx.com:vek280_es_revb:part0:1.0 available at C:/Xilinx/Vivado/2024.1/data/xhub/boards/XilinxBoardStore/boards/Xilinx/vek280/es/rev_b/1.0/board.xml as part xcve2802-vsvh1760-2mp-e-s-es1 specified in board_part file is either invalid or not available
WARNING: [Board 49-26] cannot add Board Part xilinx.com:vek280_es_revb:part0:1.1 available at C:/Xilinx/Vivado/2024.1/data/xhub/boards/XilinxBoardStore/boards/Xilinx/vek280/es/rev_b/1.1/board.xml as part xcve2802-vsvh1760-2mp-e-s-es1 specified in board_part file is either invalid or not available
WARNING: [Board 49-26] cannot add Board Part xilinx.com:vermeo_t1_mpsoc:part0:1.0 available at C:/Xilinx/Vivado/2024.1/data/xhub/boards/XilinxBoardStore/boards/Xilinx/vermeo_t1_mpsoc/1.0/board.xml as part xczu19eg-ffvd1760-2l-e specified in board_part file is either invalid or not available
WARNING: [Board 49-26] cannot add Board Part xilinx.com:vermeo_t1_rfsoc:part0:1.0 available at C:/Xilinx/Vivado/2024.1/data/xhub/boards/XilinxBoardStore/boards/Xilinx/vermeo_t1_rfsoc/1.0/board.xml as part xczu21dr-ffvd1156-2l-e specified in board_part file is either invalid or not available
WARNING: [Board 49-26] cannot add Board Part xilinx.com:vhk158:part0:1.0 available at C:/Xilinx/Vivado/2024.1/data/xhub/boards/XilinxBoardStore/boards/Xilinx/vhk158/production/1.0/board.xml as part xcvh1582-vsva3697-2mp-e-s specified in board_part file is either invalid or not available
WARNING: [Board 49-26] cannot add Board Part xilinx.com:vhk158:part0:1.1 available at C:/Xilinx/Vivado/2024.1/data/xhub/boards/XilinxBoardStore/boards/Xilinx/vhk158/production/1.1/board.xml as part xcvh1582-vsva3697-2mp-e-s specified in board_part file is either invalid or not available
WARNING: [Board 49-26] cannot add Board Part xilinx.com:vhk158_es:part0:1.0 available at C:/Xilinx/Vivado/2024.1/data/xhub/boards/XilinxBoardStore/boards/Xilinx/vhk158/es/1.0/board.xml as part xcvh1582-vsva3697-2mp-e-s-es1 specified in board_part file is either invalid or not available
WARNING: [Board 49-26] cannot add Board Part xilinx.com:vhk158_es:part0:1.1 available at C:/Xilinx/Vivado/2024.1/data/xhub/boards/XilinxBoardStore/boards/Xilinx/vhk158/es/1.1/board.xml as part xcvh1582-vsva3697-2mp-e-s-es1 specified in board_part file is either invalid or not available
WARNING: [Board 49-26] cannot add Board Part xilinx.com:vmk180:part0:2.2 available at C:/Xilinx/Vivado/2024.1/data/xhub/boards/XilinxBoardStore/boards/Xilinx/vmk180/production/2.2/board.xml as part xcvm1802-vsva2197-2mp-e-s specified in board_part file is either invalid or not available
WARNING: [Board 49-26] cannot add Board Part xilinx.com:vmk180:part0:3.0 available at C:/Xilinx/Vivado/2024.1/data/xhub/boards/XilinxBoardStore/boards/Xilinx/vmk180/production/3.0/board.xml as part xcvm1802-vsva2197-2mp-e-s specified in board_part file is either invalid or not available
WARNING: [Board 49-26] cannot add Board Part xilinx.com:vmk180:part0:3.1 available at C:/Xilinx/Vivado/2024.1/data/xhub/boards/XilinxBoardStore/boards/Xilinx/vmk180/production/3.1/board.xml as part xcvm1802-vsva2197-2mp-e-s specified in board_part file is either invalid or not available
WARNING: [Board 49-26] cannot add Board Part xilinx.com:vmk180:part0:3.2 available at C:/Xilinx/Vivado/2024.1/data/xhub/boards/XilinxBoardStore/boards/Xilinx/vmk180/production/3.2/board.xml as part xcvm1802-vsva2197-2mp-e-s specified in board_part file is either invalid or not available
WARNING: [Board 49-26] cannot add Board Part xilinx.com:vmk180_newl:part0:1.0 available at C:/Xilinx/Vivado/2024.1/data/xhub/boards/XilinxBoardStore/boards/Xilinx/vmk180_newl/production/1.0/board.xml as part xcvm1802-vsva2197-2mp-e-s specified in board_part file is either invalid or not available
WARNING: [Board 49-26] cannot add Board Part xilinx.com:vmk180_newl:part0:1.1 available at C:/Xilinx/Vivado/2024.1/data/xhub/boards/XilinxBoardStore/boards/Xilinx/vmk180_newl/production/1.1/board.xml as part xcvm1802-vsva2197-2mp-e-s specified in board_part file is either invalid or not available
WARNING: [Board 49-26] cannot add Board Part xilinx.com:vpk120:part0:1.0 available at C:/Xilinx/Vivado/2024.1/data/xhub/boards/XilinxBoardStore/boards/Xilinx/vpk120/production/1.0/board.xml as part xcvp1202-vsva2785-2mp-e-s specified in board_part file is either invalid or not available
WARNING: [Board 49-26] cannot add Board Part xilinx.com:vpk120:part0:1.1 available at C:/Xilinx/Vivado/2024.1/data/xhub/boards/XilinxBoardStore/boards/Xilinx/vpk120/production/1.1/board.xml as part xcvp1202-vsva2785-2mp-e-s specified in board_part file is either invalid or not available
WARNING: [Board 49-26] cannot add Board Part xilinx.com:vpk120:part0:1.2 available at C:/Xilinx/Vivado/2024.1/data/xhub/boards/XilinxBoardStore/boards/Xilinx/vpk120/production/1.2/board.xml as part xcvp1202-vsva2785-2mp-e-s specified in board_part file is either invalid or not available
WARNING: [Board 49-26] cannot add Board Part xilinx.com:vpk180:part0:1.0 available at C:/Xilinx/Vivado/2024.1/data/xhub/boards/XilinxBoardStore/boards/Xilinx/vpk180/production/1.0/board.xml as part xcvp1802-lsvc4072-2mp-e-s specified in board_part file is either invalid or not available
WARNING: [Board 49-26] cannot add Board Part xilinx.com:vpk180:part0:1.1 available at C:/Xilinx/Vivado/2024.1/data/xhub/boards/XilinxBoardStore/boards/Xilinx/vpk180/production/1.1/board.xml as part xcvp1802-lsvc4072-2mp-e-s specified in board_part file is either invalid or not available
WARNING: [Board 49-26] cannot add Board Part xilinx.com:vpk180:part0:1.2 available at C:/Xilinx/Vivado/2024.1/data/xhub/boards/XilinxBoardStore/boards/Xilinx/vpk180/production/1.2/board.xml as part xcvp1802-lsvc4072-2mp-e-s specified in board_part file is either invalid or not available
WARNING: [Board 49-26] cannot add Board Part xilinx.com:zc702:part0:1.4 available at C:/Xilinx/Vivado/2024.1/data/xhub/boards/XilinxBoardStore/boards/Xilinx/zc702/1.4/board.xml as part xc7z020clg484-1 specified in board_part file is either invalid or not available
WARNING: [Board 49-26] cannot add Board Part xilinx.com:zc706:part0:1.4 available at C:/Xilinx/Vivado/2024.1/data/xhub/boards/XilinxBoardStore/boards/Xilinx/zc706/1.4/board.xml as part xc7z045ffg900-2 specified in board_part file is either invalid or not available
WARNING: [Board 49-26] cannot add Board Part xilinx.com:zcu102:part0:3.3 available at C:/Xilinx/Vivado/2024.1/data/xhub/boards/XilinxBoardStore/boards/Xilinx/zcu102/3.3/board.xml as part xczu9eg-ffvb1156-2-e specified in board_part file is either invalid or not available
WARNING: [Board 49-26] cannot add Board Part xilinx.com:zcu102:part0:3.4 available at C:/Xilinx/Vivado/2024.1/data/xhub/boards/XilinxBoardStore/boards/Xilinx/zcu102/3.4/board.xml as part xczu9eg-ffvb1156-2-e specified in board_part file is either invalid or not available
WARNING: [Board 49-26] cannot add Board Part xilinx.com:zcu104:part0:1.1 available at C:/Xilinx/Vivado/2024.1/data/xhub/boards/XilinxBoardStore/boards/Xilinx/zcu104/1.1/board.xml as part xczu7ev-ffvc1156-2-e specified in board_part file is either invalid or not available
WARNING: [Board 49-26] cannot add Board Part xilinx.com:zcu106:part0:2.4 available at C:/Xilinx/Vivado/2024.1/data/xhub/boards/XilinxBoardStore/boards/Xilinx/zcu106/2.4/board.xml as part xczu7ev-ffvc1156-2-e specified in board_part file is either invalid or not available
WARNING: [Board 49-26] cannot add Board Part xilinx.com:zcu106:part0:2.5 available at C:/Xilinx/Vivado/2024.1/data/xhub/boards/XilinxBoardStore/boards/Xilinx/zcu106/2.5/board.xml as part xczu7ev-ffvc1156-2-e specified in board_part file is either invalid or not available
WARNING: [Board 49-26] cannot add Board Part xilinx.com:zcu106:part0:2.6 available at C:/Xilinx/Vivado/2024.1/data/xhub/boards/XilinxBoardStore/boards/Xilinx/zcu106/2.6/board.xml as part xczu7ev-ffvc1156-2-e specified in board_part file is either invalid or not available
WARNING: [Board 49-26] cannot add Board Part xilinx.com:zcu111:part0:1.2 available at C:/Xilinx/Vivado/2024.1/data/xhub/boards/XilinxBoardStore/boards/Xilinx/zcu111/1.2/board.xml as part xczu28dr-ffvg1517-2-e specified in board_part file is either invalid or not available
WARNING: [Board 49-26] cannot add Board Part xilinx.com:zcu111:part0:1.3 available at C:/Xilinx/Vivado/2024.1/data/xhub/boards/XilinxBoardStore/boards/Xilinx/zcu111/1.3/board.xml as part xczu28dr-ffvg1517-2-e specified in board_part file is either invalid or not available
WARNING: [Board 49-26] cannot add Board Part xilinx.com:zcu111:part0:1.4 available at C:/Xilinx/Vivado/2024.1/data/xhub/boards/XilinxBoardStore/boards/Xilinx/zcu111/1.4/board.xml as part xczu28dr-ffvg1517-2-e specified in board_part file is either invalid or not available
WARNING: [Board 49-26] cannot add Board Part xilinx.com:zcu1275:part0:1.0 available at C:/Xilinx/Vivado/2024.1/data/xhub/boards/XilinxBoardStore/boards/Xilinx/zcu1275/1.0/board.xml as part xczu29dr-ffvf1760-2-e specified in board_part file is either invalid or not available
WARNING: [Board 49-26] cannot add Board Part xilinx.com:zcu1285:part0:1.0 available at C:/Xilinx/Vivado/2024.1/data/xhub/boards/XilinxBoardStore/boards/Xilinx/zcu1285/1.0/board.xml as part xczu39dr-ffvf1760-2-i specified in board_part file is either invalid or not available
WARNING: [Board 49-26] cannot add Board Part xilinx.com:zcu208:part0:2.0 available at C:/Xilinx/Vivado/2024.1/data/xhub/boards/XilinxBoardStore/boards/Xilinx/zcu208/production/2.0/board.xml as part xczu48dr-fsvg1517-2-e specified in board_part file is either invalid or not available
WARNING: [Board 49-26] cannot add Board Part xilinx.com:zcu208ld:part0:2.0 available at C:/Xilinx/Vivado/2024.1/data/xhub/boards/XilinxBoardStore/boards/Xilinx/zcu208ld/production/2.0/board.xml as part xczu58dr-fsvg1517-2-i specified in board_part file is either invalid or not available
INFO: [Common 17-14] Message 'Board 49-26' appears 100 times and further instances of the messages will be disabled. Use the Tcl command set_msg_config to change the current settings.
INFO: [IP_Flow 19-2313] Loaded Vivado IP repository 'C:/Xilinx/Vivado/2024.1/data/ip'opopen_project: Time (s): cpu = 00:00:23 ; elapsed = 00:00:26 . Memory (MB): peak = 1537.895 ; gain = 501.03fiexit
INFO: [Common 17-206] Exiting Vivado at Sat Nov 30 13:03:54 2024...
srcs/sources_1/new
close [ open C:/Users/cesar/Documents/GitHub/Asphalt-Journey/Asphalt-Journey.srcs/sources_1/new/DEC_TXT.vhd w ]
add_files C:/Users/cesar/Documents/GitHub/Asphalt-Journey/Asphalt-Journey.srcs/sources_1/new/DEC_TXT.vhd
close [ open C:/Users/cesar/Documents/GitHub/Asphalt-Journey/Asphalt-Journey.srcs/sources_1/new/DEC_NUM.vhd w ]
add_files C:/Users/cesar/Documents/GitHub/Asphalt-Journey/Asphalt-Journey.srcs/sources_1/new/DEC_NUM.vhd
close [ open C:/Users/cesar/Documents/GitHub/Asphalt-Journey/Asphalt-Journey.srcs/sources_1/new/DEC_JUEGO.vhd w ]
add_files C:/Users/cesar/Documents/GitHub/Asphalt-Journey/Asphalt-Journey.srcs/sources_1/new/DEC_JUEGO.vhd
update_compile_order -fileset sources_1
export_ip_user_files -of_objects  [get_files C:/Users/cesar/Documents/GitHub/Asphalt-Journey/Asphalt-Journey.srcs/sources_1/new/DEC_JUEGO.vhd] -no_script -reset -force -quiet
remove_files  C:/Users/cesar/Documents/GitHub/Asphalt-Journey/Asphalt-Journey.srcs/sources_1/new/DEC_JUEGO.vhd
export_ip_user_files -of_objects  [get_files C:/Users/cesar/Documents/GitHub/Asphalt-Journey/Asphalt-Journey.srcs/sources_1/new/DEC_NUM.vhd] -no_script -reset -force -quiet
remove_files  C:/Users/cesar/Documents/GitHub/Asphalt-Journey/Asphalt-Journey.srcs/sources_1/new/DEC_NUM.vhd
export_ip_user_files -of_objects  [get_files C:/Users/cesar/Documents/GitHub/Asphalt-Journey/Asphalt-Journey.srcs/sources_1/new/DEC_TXT.vhd] -no_script -reset -force -quiet
remove_files  C:/Users/cesar/Documents/GitHub/Asphalt-Journey/Asphalt-Journey.srcs/sources_1/new/DEC_TXT.vhd
import_files -norecurse {C:/Users/cesar/Documents/Estudios/Universidad/7_Cuatrimestre/Sistemas_Electronicos_Digitales/Trabajo/SUPER_DECODER/SUPER_DECODER.srcs/sources_1/new/DEC_JUEGO.vhd C:/Users/cesar/Documents/Estudios/Universidad/7_Cuatrimestre/Sistemas_Electronicos_Digitales/Trabajo/SUPER_DECODER/SUPER_DECODER.srcs/sources_1/new/DEC_TXT.vhd C:/Users/cesar/Documents/Estudios/Universidad/7_Cuatrimestre/Sistemas_Electronicos_Digitales/Trabajo/SUPER_DECODER/SUPER_DECODER.srcs/sources_1/new/DEC_NUM.vhd}
update_compile_order -fileset sources_1
WARNING: [filemgmt 56-199] Attempt to get parsing info during refresh. "On-the-fly" syntax checking information may be incorrect. [C:\Users\cesar\Documents\GitHub\Asphalt-Journey\Asphalt-Journey.srcs\sources_1\imports\new\DEC_TXT.vhd:]
WARNING: [filemgmt 56-199] Attempt to get parsing info during refresh. "On-the-fly" syntax checking information may be incorrect. [C:\Users\cesar\Documents\GitHub\Asphalt-Journey\Asphalt-Journey.srcs\sources_1\imports\new\DEC_NUM.vhd:]
WARNING: [filemgmt 56-199] Attempt to get parsing info during refresh. "On-the-fly" syntax checking information may be incorrect. [C:\Users\cesar\Documents\GitHub\Asphalt-Journey\Asphalt-Journey.srcs\sources_1\imports\new\DEC_JUEGO.vhd:]
WARNING: [filemgmt 56-199] Attempt to get parsing info during refresh. "On-the-fly" syntax checking information may be incorrect. [C:\Users\cesar\Documents\GitHub\Asphalt-Journey\Asphalt-Journey.srcs\sources_1\imports\new\DEC_JUEGO.vhd:]
WARNING: [filemgmt 56-199] Attempt to get parsing info during refresh. "On-the-fly" syntax checking information may be incorrect. [C:\Users\cesar\Documents\GitHub\Asphalt-Journey\Asphalt-Journey.srcs\sources_1\imports\new\DEC_JUEGO.vhd:]
WARNING: [filemgmt 56-199] Attempt to get parsing info during refresh. "On-the-fly" syntax checking information may be incorrect. [C:\Users\cesar\Documents\GitHub\Asphalt-Journey\Asphalt-Journey.srcs\sources_1\imports\new\DEC_TXT.vhd:]
WARNING: [filemgmt 56-199] Attempt to get parsing info during refresh. "On-the-fly" syntax checking information may be incorrect. [C:\Users\cesar\Documents\GitHub\Asphalt-Journey\Asphalt-Journey.srcs\sources_1\imports\new\DEC_NUM.vhd:]
WARNING: [filemgmt 56-199] Attempt to get parsing info during refresh. "On-the-fly" syntax checking information may be incorrect. [C:\Users\cesar\Documents\GitHub\Asphalt-Journey\Asphalt-Journey.srcs\sources_1\imports\new\DEC_JUEGO.vhd:]
WARNING: [filemgmt 56-199] Attempt to get parsing info during refresh. "On-the-fly" syntax checking information may be incorrect. [C:\Users\cesar\Documents\GitHub\Asphalt-Journey\Asphalt-Journey.srcs\sources_1\imports\new\DEC_TXT.vhd:]
WARNING: [filemgmt 56-199] Attempt to get parsing info during refresh. "On-the-fly" syntax checking information may be incorrect. [C:\Users\cesar\Documents\GitHub\Asphalt-Journey\Asphalt-Journey.srcs\sources_1\imports\new\DEC_TXT.vhd:]
ERROR: [Common 17-180] Spawn failed: No error
set_property SOURCE_SET sources_1 [get_filesets sim_1]
import_files -fileset sim_1 -norecurse {C:/Users/cesar/Documents/Estudios/Universidad/7_Cuatrimestre/Sistemas_Electronicos_Digitales/Trabajo/SUPER_DECODER/SUPER_DECODER.srcs/sim_1/new/DEC_TXT_tb.vhd C:/Users/cesar/Documents/Estudios/Universidad/7_Cuatrimestre/Sistemas_Electronicos_Digitales/Trabajo/SUPER_DECODER/SUPER_DECODER.srcs/sim_1/new/DEC_NUM_tb.vhd C:/Users/cesar/Documents/Estudios/Universidad/7_Cuatrimestre/Sistemas_Electronicos_Digitales/Trabajo/SUPER_DECODER/SUPER_DECODER.srcs/sim_1/new/DEC_JUEGO_tb.vhd}
WARNING: [filemgmt 56-199] Attempt to get parsing info during refresh. "On-the-fly" syntax checking information may be incorrect. [C:\Users\cesar\Documents\GitHub\Asphalt-Journey\Asphalt-Journey.srcs\sources_1\imports\new\DEC_TXT.vhd:]
WARNING: [filemgmt 56-199] Attempt to get parsing info during refresh. "On-the-fly" syntax checking information may be incorrect. [C:\Users\cesar\Documents\GitHub\Asphalt-Journey\Asphalt-Journey.srcs\sources_1\imports\new\DEC_NUM.vhd:]
WARNING: [filemgmt 56-199] Attempt to get parsing info during refresh. "On-the-fly" syntax checking information may be incorrect. [C:\Users\cesar\Documents\GitHub\Asphalt-Journey\Asphalt-Journey.srcs\sources_1\imports\new\DEC_JUEGO.vhd:]
WARNING: [filemgmt 56-199] Attempt to get parsing info during refresh. "On-the-fly" syntax checking information may be incorrect. [C:\Users\cesar\Documents\GitHub\Asphalt-Journey\Asphalt-Journey.srcs\sources_1\imports\new\DEC_JUEGO.vhd:]
WARNING: [filemgmt 56-199] Attempt to get parsing info during refresh. "On-the-fly" syntax checking information may be incorrect. [C:\Users\cesar\Documents\GitHub\Asphalt-Journey\Asphalt-Journey.srcs\sources_1\imports\new\DEC_JUEGO.vhd:]
update_compile_order -fileset sim_1
WARNING: [filemgmt 56-199] Attempt to get parsing info during refresh. "On-the-fly" syntax checking information may be incorrect. [C:\Users\cesar\Documents\GitHub\Asphalt-Journey\Asphalt-Journey.srcs\sources_1\imports\new\DEC_TXT.vhd:]
WARNING: [filemgmt 56-199] Attempt to get parsing info during refresh. "On-the-fly" syntax checking information may be incorrect. [C:\Users\cesar\Documents\GitHub\Asphalt-Journey\Asphalt-Journey.srcs\sources_1\imports\new\DEC_NUM.vhd:]
WARNING: [filemgmt 56-199] Attempt to get parsing info during refresh. "On-the-fly" syntax checking information may be incorrect. [C:\Users\cesar\Documents\GitHub\Asphalt-Journey\Asphalt-Journey.srcs\sources_1\imports\new\DEC_JUEGO.vhd:]
WARNING: [filemgmt 56-199] Attempt to get parsing info during refresh. "On-the-fly" syntax checking information may be incorrect. [C:\Users\cesar\Documents\GitHub\Asphalt-Journey\Asphalt-Journey.srcs\sources_1\imports\new\DEC_JUEGO.vhd:]
WARNING: [filemgmt 56-199] Attempt to get parsing info during refresh. "On-the-fly" syntax checking information may be incorrect. [C:\Users\cesar\Documents\GitHub\Asphalt-Journey\Asphalt-Journey.srcs\sources_1\imports\new\DEC_JUEGO.vhd:]
WARNING: [filemgmt 56-199] Attempt to get parsing info during refresh. "On-the-fly" syntax checking information may be incorrect. [C:\Users\cesar\Documents\GitHub\Asphalt-Journey\Asphalt-Journey.srcs\sources_1\imports\new\DEC_TXT.vhd:]
WARNING: [filemgmt 56-199] Attempt to get parsing info during refresh. "On-the-fly" syntax checking information may be incorrect. [C:\Users\cesar\Documents\GitHub\Asphalt-Journey\Asphalt-Journey.srcs\sources_1\imports\new\DEC_NUM.vhd:]
WARNING: [filemgmt 56-199] Attempt to get parsing info during refresh. "On-the-fly" syntax checking information may be incorrect. [C:\Users\cesar\Documents\GitHub\Asphalt-Journey\Asphalt-Journey.srcs\sources_1\imports\new\DEC_JUEGO.vhd:]
WARNING: [filemgmt 56-199] Attempt to get parsing info during refresh. "On-the-fly" syntax checking information may be incorrect. [C:\Users\cesar\Documents\GitHub\Asphalt-Journey\Asphalt-Journey.srcs\sources_1\imports\new\DEC_TXT.vhd:]
WARNING: [filemgmt 56-199] Attempt to get parsing info during refresh. "On-the-fly" syntax checking information may be incorrect. [C:\Users\cesar\Documents\GitHub\Asphalt-Journey\Asphalt-Journey.srcs\sources_1\imports\new\DEC_TXT.vhd:]
WARNING: [filemgmt 56-199] Attempt to get parsing info during refresh. "On-the-fly" syntax checking information may be incorrect. [C:\Users\cesar\Documents\GitHub\Asphalt-Journey\Asphalt-Journey.srcs\sources_1\imports\new\DEC_TXT.vhd:]
WARNING: [filemgmt 56-199] Attempt to get parsing info during refresh. "On-the-fly" syntax checking information may be incorrect. [C:\Users\cesar\Documents\GitHub\Asphalt-Journey\Asphalt-Journey.srcs\sources_1\imports\new\DEC_NUM.vhd:]
WARNING: [filemgmt 56-199] Attempt to get parsing info during refresh. "On-the-fly" syntax checking information may be incorrect. [C:\Users\cesar\Documents\GitHub\Asphalt-Journey\Asphalt-Journey.srcs\sources_1\imports\new\DEC_JUEGO.vhd:]
WARNING: [filemgmt 56-199] Attempt to get parsing info during refresh. "On-the-fly" syntax checking information may be incorrect. [C:\Users\cesar\Documents\GitHub\Asphalt-Journey\Asphalt-Journey.srcs\sources_1\imports\new\DEC_JUEGO.vhd:]
WARNING: [filemgmt 56-199] Attempt to get parsing info during refresh. "On-the-fly" syntax checking information may be incorrect. [C:\Users\cesar\Documents\GitHub\Asphalt-Journey\Asphalt-Journey.srcs\sources_1\imports\new\DEC_JUEGO.vhd:]
WARNING: [filemgmt 56-199] Attempt to get parsing info during refresh. "On-the-fly" syntax checking information may be incorrect. [C:\Users\cesar\Documents\GitHub\Asphalt-Journey\Asphalt-Journey.srcs\sources_1\imports\new\DEC_TXT.vhd:]
update_compile_order -fileset sim_1
WARNING: [filemgmt 56-199] Attempt to get parsing info during refresh. "On-the-fly" syntax checking information may be incorrect. [C:\Users\cesar\Documents\GitHub\Asphalt-Journey\Asphalt-Journey.srcs\sources_1\imports\new\DEC_TXT.vhd:]
WARNING: [filemgmt 56-199] Attempt to get parsing info during refresh. "On-the-fly" syntax checking information may be incorrect. [C:\Users\cesar\Documents\GitHub\Asphalt-Journey\Asphalt-Journey.srcs\sources_1\imports\new\DEC_NUM.vhd:]
WARNING: [filemgmt 56-199] Attempt to get parsing info during refresh. "On-the-fly" syntax checking information may be incorrect. [C:\Users\cesar\Documents\GitHub\Asphalt-Journey\Asphalt-Journey.srcs\sources_1\imports\new\DEC_JUEGO.vhd:]
WARNING: [filemgmt 56-199] Attempt to get parsing info during refresh. "On-the-fly" syntax checking information may be incorrect. [C:\Users\cesar\Documents\GitHub\Asphalt-Journey\Asphalt-Journey.srcs\sources_1\imports\new\DEC_JUEGO.vhd:]
WARNING: [filemgmt 56-199] Attempt to get parsing info during refresh. "On-the-fly" syntax checking information may be incorrect. [C:\Users\cesar\Documents\GitHub\Asphalt-Journey\Asphalt-Journey.srcs\sources_1\imports\new\DEC_JUEGO.vhd:]
set_property top DEC_TXT_tb [get_filesets sim_1]
set_property top_lib xil_defaultlib [get_filesets sim_1]
WARNING: [filemgmt 56-199] Attempt to get parsing info during refresh. "On-the-fly" syntax checking information may be incorrect. [C:\Users\cesar\Documents\GitHub\Asphalt-Journey\Asphalt-Journey.srcs\sources_1\imports\new\DEC_TXT.vhd:]
WARNING: [filemgmt 56-199] Attempt to get parsing info during refresh. "On-the-fly" syntax checking information may be incorrect. [C:\Users\cesar\Documents\GitHub\Asphalt-Journey\Asphalt-Journey.srcs\sources_1\imports\new\DEC_NUM.vhd:]
WARNING: [filemgmt 56-199] Attempt to get parsing info during refresh. "On-the-fly" syntax checking information may be incorrect. [C:\Users\cesar\Documents\GitHub\Asphalt-Journey\Asphalt-Journey.srcs\sources_1\imports\new\DEC_JUEGO.vhd:]
WARNING: [filemgmt 56-199] Attempt to get parsing info during refresh. "On-the-fly" syntax checking information may be incorrect. [C:\Users\cesar\Documents\GitHub\Asphalt-Journey\Asphalt-Journey.srcs\sources_1\imports\new\DEC_JUEGO.vhd:]
WARNING: [filemgmt 56-199] Attempt to get parsing info during refresh. "On-the-fly" syntax checking information may be incorrect. [C:\Users\cesar\Documents\GitHub\Asphalt-Journey\Asphalt-Journey.srcs\sources_1\imports\new\DEC_JUEGO.vhd:]
update_compile_order -fileset sim_1
WARNING: [filemgmt 56-199] Attempt to get parsing info during refresh. "On-the-fly" syntax checking information may be incorrect. [C:\Users\cesar\Documents\GitHub\Asphalt-Journey\Asphalt-Journey.srcs\sources_1\imports\new\DEC_TXT.vhd:]
WARNING: [filemgmt 56-199] Attempt to get parsing info during refresh. "On-the-fly" syntax checking information may be incorrect. [C:\Users\cesar\Documents\GitHub\Asphalt-Journey\Asphalt-Journey.srcs\sources_1\imports\new\DEC_NUM.vhd:]
WARNING: [filemgmt 56-199] Attempt to get parsing info during refresh. "On-the-fly" syntax checking information may be incorrect. [C:\Users\cesar\Documents\GitHub\Asphalt-Journey\Asphalt-Journey.srcs\sources_1\imports\new\DEC_JUEGO.vhd:]
WARNING: [filemgmt 56-199] Attempt to get parsing info during refresh. "On-the-fly" syntax checking information may be incorrect. [C:\Users\cesar\Documents\GitHub\Asphalt-Journey\Asphalt-Journey.srcs\sources_1\imports\new\DEC_JUEGO.vhd:]
WARNING: [filemgmt 56-199] Attempt to get parsing info during refresh. "On-the-fly" syntax checking information may be incorrect. [C:\Users\cesar\Documents\GitHub\Asphalt-Journey\Asphalt-Journey.srcs\sources_1\imports\new\DEC_JUEGO.vhd:]
WARNING: [filemgmt 56-199] Attempt to get parsing info during refresh. "On-the-fly" syntax checking information may be incorrect. [C:\Users\cesar\Documents\GitHub\Asphalt-Journey\Asphalt-Journey.srcs\sources_1\imports\new\DEC_TXT.vhd:]
WARNING: [filemgmt 56-199] Attempt to get parsing info during refresh. "On-the-fly" syntax checking information may be incorrect. [C:\Users\cesar\Documents\GitHub\Asphalt-Journey\Asphalt-Journey.srcs\sources_1\imports\new\DEC_NUM.vhd:]
WARNING: [filemgmt 56-199] Attempt to get parsing info during refresh. "On-the-fly" syntax checking information may be incorrect. [C:\Users\cesar\Documents\GitHub\Asphalt-Journey\Asphalt-Journey.srcs\sources_1\imports\new\DEC_JUEGO.vhd:]
WARNING: [filemgmt 56-199] Attempt to get parsing info during refresh. "On-the-fly" syntax checking information may be incorrect. [C:\Users\cesar\Documents\GitHub\Asphalt-Journey\Asphalt-Journey.srcs\sources_1\imports\new\DEC_TXT.vhd:]
WARNING: [filemgmt 56-199] Attempt to get parsing info during refresh. "On-the-fly" syntax checking information may be incorrect. [C:\Users\cesar\Documents\GitHub\Asphalt-Journey\Asphalt-Journey.srcs\sources_1\imports\new\DEC_TXT.vhd:]
launch_simulation
Command: launch_simulation 
INFO: [Vivado 12-12493] Simulation top is 'DEC_TXT_tb'
WARNING: [Vivado 12-13340] Unable to auto find GCC executables from simulator install path! (path not set)
INFO: [Vivado 12-5682] Launching behavioral simulation in 'C:/Users/cesar/Documents/GitHub/Asphalt-Journey/Asphalt-Journey.sim/sim_1/behav/xsim'
INFO: [SIM-utils-51] Simulation object is 'sim_1'
INFO: [SIM-utils-72] Using boost library from 'C:/Xilinx/Vivado/2024.1/tps/boost_1_72_0'
INFO: [SIM-utils-54] Inspecting design source files for 'DEC_TXT_tb' in fileset 'sim_1'...
INFO: [USF-XSim-97] Finding global include files...
INFO: [USF-XSim-98] Fetching design files from 'sim_1'...
INFO: [USF-XSim-2] XSim::Compile design
INFO: [USF-XSim-61] Executing 'COMPILE and ANALYZE' step in 'C:/Users/cesar/Documents/GitHub/Asphalt-Journey/Asphalt-Journey.sim/sim_1/behav/xsim'
"xvhdl --incr --relax -prj DEC_TXT_tb_vhdl.prj"
INFO: [VRFC 10-163] Analyzing VHDL file "C:/Users/cesar/Documents/GitHub/Asphalt-Journey/Asphalt-Journey.srcs/sources_1/imports/new/DEC_TXT.vhd" into library xil_defaultlib
INFO: [VRFC 10-3107] analyzing entity 'DEC_TXT'
INFO: [VRFC 10-163] Analyzing VHDL file "C:/Users/cesar/Documents/GitHub/Asphalt-Journey/Asphalt-Journey.srcs/sim_1/imports/new/DEC_TXT_tb.vhd" into library xil_defaultlib
INFO: [VRFC 10-3107] analyzing entity 'DEC_TXT_tb'
INFO: [USF-XSim-69] 'compile' step finished in '1' seconds
INFO: [USF-XSim-3] XSim::Elaborate design
INFO: [USF-XSim-61] Executing 'ELABORATE' step in 'C:/Users/cesar/Documents/GitHub/Asphalt-Journey/Asphalt-Journey.sim/sim_1/behav/xsim'
"xelab --incr --debug typical --relax --mt 2 -L xil_defaultlib -L secureip --snapshot DEC_TXT_tb_behav xil_defaultlib.DEC_TXT_tb -log elaborate.log"
Vivado Simulator v2024.1
Copyright 1986-2022 Xilinx, Inc. All Rights Reserved.
Copyright 2022-2024 Advanced Micro Devices, Inc. All Rights Reserved.
Running: C:/Xilinx/Vivado/2024.1/bin/unwrapped/win64.o/xelab.exe --incr --debug typical --relax --mt 2 -L xil_defaultlib -L secureip --snapshot DEC_TXT_tb_behav xil_defaultlib.DEC_TXT_tb -log elaborate.log 
Using 2 slave threads.
Starting static elaboration
Completed static elaboration
Starting simulation data flow analysis
Completed simulation data flow analysis
Time Resolution for simulation is 1ps
Compiling package std.standard
Compiling package std.textio
Compiling package ieee.std_logic_1164
Compiling package ieee.std_logic_textio
Compiling package ieee.numeric_std
Compiling architecture behavioral of entity xil_defaultlib.DEC_TXT [dec_txt_default]
Compiling architecture behavioral of entity xil_defaultlib.dec_txt_tb
Built simulation snapshot DEC_TXT_tb_behav
INFO: [USF-XSim-69] 'elaborate' step finished in '2' seconds
INFO: [USF-XSim-4] XSim::Simulate design
INFO: [USF-XSim-61] Executing 'SIMULATE' step in 'C:/Users/cesar/Documents/GitHub/Asphalt-Journey/Asphalt-Journey.sim/sim_1/behav/xsim'
INFO: [USF-XSim-98] *** Running xsim
   with args "DEC_TXT_tb_behav -key {Behavioral:sim_1:Functional:DEC_TXT_tb} -tclbatch {DEC_TXT_tb.tcl} -log {simulate.log}"
INFO: [USF-XSim-8] Loading simulator feature
Time resolution is 1 ps
source DEC_TXT_tb.tcl
# set curr_wave [current_wave_config]
# if { [string length $curr_wave] == 0 } {
#   if { [llength [get_objects]] > 0} {
#     add_wave /
#     set_property needs_save false [current_wave_config]
#   } else {
#      send_msg_id Add_Wave-1 WARNING "No top level signals found. Simulator will start without a wave window. If you want to open a wave window go to 'File->New Waveform Configuration' or type 'create_wave_config' in the TCL console."
#   }
# }
# run 1000ns
Failure: [FIN SIMULACION]
Time: 260 ns  Iteration: 0  Process: /DEC_TXT_tb/sr  File: C:/Users/cesar/Documents/GitHub/Asphalt-Journey/Asphalt-Journey.srcs/sim_1/imports/new/DEC_TXT_tb.vhd
$finish called at time : 260 ns : File "C:/Users/cesar/Documents/GitHub/Asphalt-Journey/Asphalt-Journey.srcs/sim_1/imports/new/DEC_TXT_tb.vhd" Line 103
INFO: [USF-XSim-96] XSim completed. Design snapshot 'DEC_TXT_tb_behav' loaded.
INFO: [USF-XSim-97] XSim simulation ran for 1000ns
launch_simulation: Time (s): cpu = 00:00:01 ; elapsed = 00:00:06 . Memory (MB): peak = 1642.141 ; gain = 0.000
close_sim
INFO: [Simtcl 6-16] Simulation closed
set_property top DEC_NUM_tb [get_filesets sim_1]
set_property top_lib xil_defaultlib [get_filesets sim_1]
WARNING: [filemgmt 56-199] Attempt to get parsing info during refresh. "On-the-fly" syntax checking information may be incorrect. [C:\Users\cesar\Documents\GitHub\Asphalt-Journey\Asphalt-Journey.srcs\sources_1\imports\new\DEC_TXT.vhd:]
WARNING: [filemgmt 56-199] Attempt to get parsing info during refresh. "On-the-fly" syntax checking information may be incorrect. [C:\Users\cesar\Documents\GitHub\Asphalt-Journey\Asphalt-Journey.srcs\sources_1\imports\new\DEC_NUM.vhd:]
WARNING: [filemgmt 56-199] Attempt to get parsing info during refresh. "On-the-fly" syntax checking information may be incorrect. [C:\Users\cesar\Documents\GitHub\Asphalt-Journey\Asphalt-Journey.srcs\sources_1\imports\new\DEC_JUEGO.vhd:]
WARNING: [filemgmt 56-199] Attempt to get parsing info during refresh. "On-the-fly" syntax checking information may be incorrect. [C:\Users\cesar\Documents\GitHub\Asphalt-Journey\Asphalt-Journey.srcs\sim_1\imports\new\DEC_TXT_tb.vhd:]
WARNING: [filemgmt 56-199] Attempt to get parsing info during refresh. "On-the-fly" syntax checking information may be incorrect. [C:\Users\cesar\Documents\GitHub\Asphalt-Journey\Asphalt-Journey.srcs\sources_1\imports\new\DEC_JUEGO.vhd:]
WARNING: [filemgmt 56-199] Attempt to get parsing info during refresh. "On-the-fly" syntax checking information may be incorrect. [C:\Users\cesar\Documents\GitHub\Asphalt-Journey\Asphalt-Journey.srcs\sources_1\imports\new\DEC_JUEGO.vhd:]
WARNING: [filemgmt 56-199] Attempt to get parsing info during refresh. "On-the-fly" syntax checking information may be incorrect. [C:\Users\cesar\Documents\GitHub\Asphalt-Journey\Asphalt-Journey.srcs\sources_1\imports\new\DEC_TXT.vhd:]
WARNING: [filemgmt 56-199] Attempt to get parsing info during refresh. "On-the-fly" syntax checking information may be incorrect. [C:\Users\cesar\Documents\GitHub\Asphalt-Journey\Asphalt-Journey.srcs\sources_1\imports\new\DEC_NUM.vhd:]
WARNING: [filemgmt 56-199] Attempt to get parsing info during refresh. "On-the-fly" syntax checking information may be incorrect. [C:\Users\cesar\Documents\GitHub\Asphalt-Journey\Asphalt-Journey.srcs\sources_1\imports\new\DEC_JUEGO.vhd:]
WARNING: [filemgmt 56-199] Attempt to get parsing info during refresh. "On-the-fly" syntax checking information may be incorrect. [C:\Users\cesar\Documents\GitHub\Asphalt-Journey\Asphalt-Journey.srcs\sim_1\imports\new\DEC_TXT_tb.vhd:]
WARNING: [filemgmt 56-199] Attempt to get parsing info during refresh. "On-the-fly" syntax checking information may be incorrect. [C:\Users\cesar\Documents\GitHub\Asphalt-Journey\Asphalt-Journey.srcs\sim_1\imports\new\DEC_TXT_tb.vhd:]
WARNING: [filemgmt 56-199] Attempt to get parsing info during refresh. "On-the-fly" syntax checking information may be incorrect. [C:\Users\cesar\Documents\GitHub\Asphalt-Journey\Asphalt-Journey.srcs\sim_1\imports\new\DEC_TXT_tb.vhd:]
ERROR: [Common 17-180] Spawn failed: No error
ERROR: [Common 17-180] Spawn failed: No error
update_compile_order -fileset sim_1
WARNING: [filemgmt 56-199] Attempt to get parsing info during refresh. "On-the-fly" syntax checking information may be incorrect. [C:\Users\cesar\Documents\GitHub\Asphalt-Journey\Asphalt-Journey.srcs\sources_1\imports\new\DEC_TXT.vhd:]
WARNING: [filemgmt 56-199] Attempt to get parsing info during refresh. "On-the-fly" syntax checking information may be incorrect. [C:\Users\cesar\Documents\GitHub\Asphalt-Journey\Asphalt-Journey.srcs\sources_1\imports\new\DEC_NUM.vhd:]
WARNING: [filemgmt 56-199] Attempt to get parsing info during refresh. "On-the-fly" syntax checking information may be incorrect. [C:\Users\cesar\Documents\GitHub\Asphalt-Journey\Asphalt-Journey.srcs\sources_1\imports\new\DEC_JUEGO.vhd:]
WARNING: [filemgmt 56-199] Attempt to get parsing info during refresh. "On-the-fly" syntax checking information may be incorrect. [C:\Users\cesar\Documents\GitHub\Asphalt-Journey\Asphalt-Journey.srcs\sim_1\imports\new\DEC_TXT_tb.vhd:]
WARNING: [filemgmt 56-199] Attempt to get parsing info during refresh. "On-the-fly" syntax checking information may be incorrect. [C:\Users\cesar\Documents\GitHub\Asphalt-Journey\Asphalt-Journey.srcs\sources_1\imports\new\DEC_JUEGO.vhd:]
WARNING: [filemgmt 56-199] Attempt to get parsing info during refresh. "On-the-fly" syntax checking information may be incorrect. [C:\Users\cesar\Documents\GitHub\Asphalt-Journey\Asphalt-Journey.srcs\sources_1\imports\new\DEC_JUEGO.vhd:]
WARNING: [filemgmt 56-199] Attempt to get parsing info during refresh. "On-the-fly" syntax checking information may be incorrect. [C:\Users\cesar\Documents\GitHub\Asphalt-Journey\Asphalt-Journey.srcs\sources_1\imports\new\DEC_TXT.vhd:]
WARNING: [filemgmt 56-199] Attempt to get parsing info during refresh. "On-the-fly" syntax checking information may be incorrect. [C:\Users\cesar\Documents\GitHub\Asphalt-Journey\Asphalt-Journey.srcs\sources_1\imports\new\DEC_NUM.vhd:]
WARNING: [filemgmt 56-199] Attempt to get parsing info during refresh. "On-the-fly" syntax checking information may be incorrect. [C:\Users\cesar\Documents\GitHub\Asphalt-Journey\Asphalt-Journey.srcs\sources_1\imports\new\DEC_JUEGO.vhd:]
WARNING: [filemgmt 56-199] Attempt to get parsing info during refresh. "On-the-fly" syntax checking information may be incorrect. [C:\Users\cesar\Documents\GitHub\Asphalt-Journey\Asphalt-Journey.srcs\sim_1\imports\new\DEC_TXT_tb.vhd:]
WARNING: [filemgmt 56-199] Attempt to get parsing info during refresh. "On-the-fly" syntax checking information may be incorrect. [C:\Users\cesar\Documents\GitHub\Asphalt-Journey\Asphalt-Journey.srcs\sim_1\imports\new\DEC_TXT_tb.vhd:]
WARNING: [filemgmt 56-199] Attempt to get parsing info during refresh. "On-the-fly" syntax checking information may be incorrect. [C:\Users\cesar\Documents\GitHub\Asphalt-Journey\Asphalt-Journey.srcs\sim_1\imports\new\DEC_TXT_tb.vhd:]
ERROR: [Common 17-180] Spawn failed: No error
WARNING: [filemgmt 56-199] Attempt to get parsing info during refresh. "On-the-fly" syntax checking information may be incorrect. [C:\Users\cesar\Documents\GitHub\Asphalt-Journey\Asphalt-Journey.srcs\sources_1\imports\new\DEC_TXT.vhd:]
WARNING: [filemgmt 56-199] Attempt to get parsing info during refresh. "On-the-fly" syntax checking information may be incorrect. [C:\Users\cesar\Documents\GitHub\Asphalt-Journey\Asphalt-Journey.srcs\sources_1\imports\new\DEC_NUM.vhd:]
ERROR: [Common 17-180] Spawn failed: No error
WARNING: [filemgmt 56-199] Attempt to get parsing info during refresh. "On-the-fly" syntax checking information may be incorrect. [C:\Users\cesar\Documents\GitHub\Asphalt-Journey\Asphalt-Journey.srcs\sources_1\imports\new\DEC_JUEGO.vhd:]
WARNING: [filemgmt 56-199] Attempt to get parsing info during refresh. "On-the-fly" syntax checking information may be incorrect. [C:\Users\cesar\Documents\GitHub\Asphalt-Journey\Asphalt-Journey.srcs\sim_1\imports\new\DEC_TXT_tb.vhd:]
WARNING: [filemgmt 56-199] Attempt to get parsing info during refresh. "On-the-fly" syntax checking information may be incorrect. [C:\Users\cesar\Documents\GitHub\Asphalt-Journey\Asphalt-Journey.srcs\sources_1\imports\new\DEC_TXT.vhd:]
launch_simulation
Command: launch_simulation 
INFO: [Vivado 12-12493] Simulation top is 'DEC_NUM_tb'
WARNING: [Vivado 12-13340] Unable to auto find GCC executables from simulator install path! (path not set)
INFO: [Vivado 12-5682] Launching behavioral simulation in 'C:/Users/cesar/Documents/GitHub/Asphalt-Journey/Asphalt-Journey.sim/sim_1/behav/xsim'
INFO: [SIM-utils-51] Simulation object is 'sim_1'
INFO: [SIM-utils-72] Using boost library from 'C:/Xilinx/Vivado/2024.1/tps/boost_1_72_0'
INFO: [SIM-utils-54] Inspecting design source files for 'DEC_NUM_tb' in fileset 'sim_1'...
INFO: [USF-XSim-97] Finding global include files...
INFO: [USF-XSim-98] Fetching design files from 'sim_1'...
INFO: [USF-XSim-2] XSim::Compile design
INFO: [USF-XSim-61] Executing 'COMPILE and ANALYZE' step in 'C:/Users/cesar/Documents/GitHub/Asphalt-Journey/Asphalt-Journey.sim/sim_1/behav/xsim'
"xvhdl --incr --relax -prj DEC_NUM_tb_vhdl.prj"
INFO: [VRFC 10-163] Analyzing VHDL file "C:/Users/cesar/Documents/GitHub/Asphalt-Journey/Asphalt-Journey.srcs/sources_1/imports/new/DEC_NUM.vhd" into library xil_defaultlib
INFO: [VRFC 10-3107] analyzing entity 'DEC_NUM'
INFO: [VRFC 10-163] Analyzing VHDL file "C:/Users/cesar/Documents/GitHub/Asphalt-Journey/Asphalt-Journey.srcs/sim_1/imports/new/DEC_NUM_tb.vhd" into library xil_defaultlib
INFO: [VRFC 10-3107] analyzing entity 'DEC_NUM_tb'
INFO: [USF-XSim-69] 'compile' step finished in '2' seconds
INFO: [USF-XSim-3] XSim::Elaborate design
INFO: [USF-XSim-61] Executing 'ELABORATE' step in 'C:/Users/cesar/Documents/GitHub/Asphalt-Journey/Asphalt-Journey.sim/sim_1/behav/xsim'
"xelab --incr --debug typical --relax --mt 2 -L xil_defaultlib -L secureip --snapshot DEC_NUM_tb_behav xil_defaultlib.DEC_NUM_tb -log elaborate.log"
Vivado Simulator v2024.1
Copyright 1986-2022 Xilinx, Inc. All Rights Reserved.
Copyright 2022-2024 Advanced Micro Devices, Inc. All Rights Reserved.
Running: C:/Xilinx/Vivado/2024.1/bin/unwrapped/win64.o/xelab.exe --incr --debug typical --relax --mt 2 -L xil_defaultlib -L secureip --snapshot DEC_NUM_tb_behav xil_defaultlib.DEC_NUM_tb -log elaborate.log 
Using 2 slave threads.
Starting static elaboration
Completed static elaboration
Starting simulation data flow analysis
Completed simulation data flow analysis
Time Resolution for simulation is 1ps
Compiling package std.standard
Compiling package std.textio
Compiling package ieee.std_logic_1164
Compiling package ieee.std_logic_textio
Compiling package ieee.numeric_std
Compiling architecture behavioral of entity xil_defaultlib.DEC_NUM [dec_num_default]
Compiling architecture behavioral of entity xil_defaultlib.dec_num_tb
Built simulation snapshot DEC_NUM_tb_behav
INFO: [USF-XSim-69] 'elaborate' step finished in '1' seconds
INFO: [USF-XSim-4] XSim::Simulate design
INFO: [USF-XSim-61] Executing 'SIMULATE' step in 'C:/Users/cesar/Documents/GitHub/Asphalt-Journey/Asphalt-Journey.sim/sim_1/behav/xsim'
INFO: [USF-XSim-98] *** Running xsim
   with args "DEC_NUM_tb_behav -key {Behavioral:sim_1:Functional:DEC_NUM_tb} -tclbatch {DEC_NUM_tb.tcl} -log {simulate.log}"
INFO: [USF-XSim-8] Loading simulator feature
Time resolution is 1 ps
source DEC_NUM_tb.tcl
# set curr_wave [current_wave_config]
# if { [string length $curr_wave] == 0 } {
#   if { [llength [get_objects]] > 0} {
#     add_wave /
#     set_property needs_save false [current_wave_config]
#   } else {
#      send_msg_id Add_Wave-1 WARNING "No top level signals found. Simulator will start without a wave window. If you want to open a wave window go to 'File->New Waveform Configuration' or type 'create_wave_config' in the TCL console."
#   }
# }
# run 1000ns
Failure: [FIN SIMULACION]
Time: 100 ns  Iteration: 0  Process: /DEC_NUM_tb/sr  File: C:/Users/cesar/Documents/GitHub/Asphalt-Journey/Asphalt-Journey.srcs/sim_1/imports/new/DEC_NUM_tb.vhd
$finish called at time : 100 ns : File "C:/Users/cesar/Documents/GitHub/Asphalt-Journey/Asphalt-Journey.srcs/sim_1/imports/new/DEC_NUM_tb.vhd" Line 85
INFO: [USF-XSim-96] XSim completed. Design snapshot 'DEC_NUM_tb_behav' loaded.
INFO: [USF-XSim-97] XSim simulation ran for 1000ns
close_sim
INFO: [Simtcl 6-16] Simulation closed
set_property top DEC_JUEGO_tb [get_filesets sim_1]
set_property top_lib xil_defaultlib [get_filesets sim_1]
WARNING: [filemgmt 56-199] Attempt to get parsing info during refresh. "On-the-fly" syntax checking information may be incorrect. [C:\Users\cesar\Documents\GitHub\Asphalt-Journey\Asphalt-Journey.srcs\sources_1\imports\new\DEC_TXT.vhd:]
WARNING: [filemgmt 56-199] Attempt to get parsing info during refresh. "On-the-fly" syntax checking information may be incorrect. [C:\Users\cesar\Documents\GitHub\Asphalt-Journey\Asphalt-Journey.srcs\sources_1\imports\new\DEC_NUM.vhd:]
WARNING: [filemgmt 56-199] Attempt to get parsing info during refresh. "On-the-fly" syntax checking information may be incorrect. [C:\Users\cesar\Documents\GitHub\Asphalt-Journey\Asphalt-Journey.srcs\sources_1\imports\new\DEC_JUEGO.vhd:]
WARNING: [filemgmt 56-199] Attempt to get parsing info during refresh. "On-the-fly" syntax checking information may be incorrect. [C:\Users\cesar\Documents\GitHub\Asphalt-Journey\Asphalt-Journey.srcs\sim_1\imports\new\DEC_TXT_tb.vhd:]
WARNING: [filemgmt 56-199] Attempt to get parsing info during refresh. "On-the-fly" syntax checking information may be incorrect. [C:\Users\cesar\Documents\GitHub\Asphalt-Journey\Asphalt-Journey.srcs\sim_1\imports\new\DEC_NUM_tb.vhd:]
WARNING: [filemgmt 56-199] Attempt to get parsing info during refresh. "On-the-fly" syntax checking information may be incorrect. [C:\Users\cesar\Documents\GitHub\Asphalt-Journey\Asphalt-Journey.srcs\sources_1\imports\new\DEC_JUEGO.vhd:]
WARNING: [filemgmt 56-199] Attempt to get parsing info during refresh. "On-the-fly" syntax checking information may be incorrect. [C:\Users\cesar\Documents\GitHub\Asphalt-Journey\Asphalt-Journey.srcs\sources_1\imports\new\DEC_JUEGO.vhd:]
WARNING: [filemgmt 56-199] Attempt to get parsing info during refresh. "On-the-fly" syntax checking information may be incorrect. [C:\Users\cesar\Documents\GitHub\Asphalt-Journey\Asphalt-Journey.srcs\sources_1\imports\new\DEC_TXT.vhd:]
WARNING: [filemgmt 56-199] Attempt to get parsing info during refresh. "On-the-fly" syntax checking information may be incorrect. [C:\Users\cesar\Documents\GitHub\Asphalt-Journey\Asphalt-Journey.srcs\sources_1\imports\new\DEC_NUM.vhd:]
WARNING: [filemgmt 56-199] Attempt to get parsing info during refresh. "On-the-fly" syntax checking information may be incorrect. [C:\Users\cesar\Documents\GitHub\Asphalt-Journey\Asphalt-Journey.srcs\sources_1\imports\new\DEC_JUEGO.vhd:]
WARNING: [filemgmt 56-199] Attempt to get parsing info during refresh. "On-the-fly" syntax checking information may be incorrect. [C:\Users\cesar\Documents\GitHub\Asphalt-Journey\Asphalt-Journey.srcs\sim_1\imports\new\DEC_TXT_tb.vhd:]
WARNING: [filemgmt 56-199] Attempt to get parsing info during refresh. "On-the-fly" syntax checking information may be incorrect. [C:\Users\cesar\Documents\GitHub\Asphalt-Journey\Asphalt-Journey.srcs\sim_1\imports\new\DEC_NUM_tb.vhd:]
WARNING: [filemgmt 56-199] Attempt to get parsing info during refresh. "On-the-fly" syntax checking information may be incorrect. [C:\Users\cesar\Documents\GitHub\Asphalt-Journey\Asphalt-Journey.srcs\sim_1\imports\new\DEC_NUM_tb.vhd:]
WARNING: [filemgmt 56-199] Attempt to get parsing info during refresh. "On-the-fly" syntax checking information may be incorrect. [C:\Users\cesar\Documents\GitHub\Asphalt-Journey\Asphalt-Journey.srcs\sim_1\imports\new\DEC_NUM_tb.vhd:]
WARNING: [filemgmt 56-199] Attempt to get parsing info during refresh. "On-the-fly" syntax checking information may be incorrect. [C:\Users\cesar\Documents\GitHub\Asphalt-Journey\Asphalt-Journey.srcs\sources_1\imports\new\DEC_TXT.vhd:]
WARNING: [filemgmt 56-199] Attempt to get parsing info during refresh. "On-the-fly" syntax checking information may be incorrect. [C:\Users\cesar\Documents\GitHub\Asphalt-Journey\Asphalt-Journey.srcs\sources_1\imports\new\DEC_NUM.vhd:]
WARNING: [filemgmt 56-199] Attempt to get parsing info during refresh. "On-the-fly" syntax checking information may be incorrect. [C:\Users\cesar\Documents\GitHub\Asphalt-Journey\Asphalt-Journey.srcs\sources_1\imports\new\DEC_JUEGO.vhd:]
WARNING: [filemgmt 56-199] Attempt to get parsing info during refresh. "On-the-fly" syntax checking information may be incorrect. [C:\Users\cesar\Documents\GitHub\Asphalt-Journey\Asphalt-Journey.srcs\sim_1\imports\new\DEC_TXT_tb.vhd:]
WARNING: [filemgmt 56-199] Attempt to get parsing info during refresh. "On-the-fly" syntax checking information may be incorrect. [C:\Users\cesar\Documents\GitHub\Asphalt-Journey\Asphalt-Journey.srcs\sim_1\imports\new\DEC_NUM_tb.vhd:]
WARNING: [filemgmt 56-199] Attempt to get parsing info during refresh. "On-the-fly" syntax checking information may be incorrect. [C:\Users\cesar\Documents\GitHub\Asphalt-Journey\Asphalt-Journey.srcs\sim_1\imports\new\DEC_TXT_tb.vhd:]
WARNING: [filemgmt 56-199] Attempt to get parsing info during refresh. "On-the-fly" syntax checking information may be incorrect. [C:\Users\cesar\Documents\GitHub\Asphalt-Journey\Asphalt-Journey.srcs\sim_1\imports\new\DEC_TXT_tb.vhd:]
ERROR: [Common 17-180] Spawn failed: No error
WARNING: [filemgmt 56-199] Attempt to get parsing info during refresh. "On-the-fly" syntax checking information may be incorrect. [C:\Users\cesar\Documents\GitHub\Asphalt-Journey\Asphalt-Journey.srcs\sources_1\imports\new\DEC_TXT.vhd:]
WARNING: [filemgmt 56-199] Attempt to get parsing info during refresh. "On-the-fly" syntax checking information may be incorrect. [C:\Users\cesar\Documents\GitHub\Asphalt-Journey\Asphalt-Journey.srcs\sources_1\imports\new\DEC_NUM.vhd:]
WARNING: [filemgmt 56-199] Attempt to get parsing info during refresh. "On-the-fly" syntax checking information may be incorrect. [C:\Users\cesar\Documents\GitHub\Asphalt-Journey\Asphalt-Journey.srcs\sources_1\imports\new\DEC_JUEGO.vhd:]
WARNING: [filemgmt 56-199] Attempt to get parsing info during refresh. "On-the-fly" syntax checking information may be incorrect. [C:\Users\cesar\Documents\GitHub\Asphalt-Journey\Asphalt-Journey.srcs\sim_1\imports\new\DEC_TXT_tb.vhd:]
WARNING: [filemgmt 56-199] Attempt to get parsing info during refresh. "On-the-fly" syntax checking information may be incorrect. [C:\Users\cesar\Documents\GitHub\Asphalt-Journey\Asphalt-Journey.srcs\sim_1\imports\new\DEC_NUM_tb.vhd:]
WARNING: [filemgmt 56-199] Attempt to get parsing info during refresh. "On-the-fly" syntax checking information may be incorrect. [C:\Users\cesar\Documents\GitHub\Asphalt-Journey\Asphalt-Journey.srcs\sources_1\imports\new\DEC_TXT.vhd:]
WARNING: [filemgmt 56-199] Attempt to get parsing info during refresh. "On-the-fly" syntax checking information may be incorrect. [C:\Users\cesar\Documents\GitHub\Asphalt-Journey\Asphalt-Journey.srcs\sources_1\imports\new\DEC_TXT.vhd:]
ERROR: [Common 17-180] Spawn failed: No error
launch_simulation
Command: launch_simulation 
INFO: [Vivado 12-12493] Simulation top is 'DEC_JUEGO_tb'
WARNING: [Vivado 12-13340] Unable to auto find GCC executables from simulator install path! (path not set)
INFO: [Vivado 12-5682] Launching behavioral simulation in 'C:/Users/cesar/Documents/GitHub/Asphalt-Journey/Asphalt-Journey.sim/sim_1/behav/xsim'
INFO: [SIM-utils-51] Simulation object is 'sim_1'
INFO: [SIM-utils-72] Using boost library from 'C:/Xilinx/Vivado/2024.1/tps/boost_1_72_0'
INFO: [SIM-utils-54] Inspecting design source files for 'DEC_JUEGO_tb' in fileset 'sim_1'...
INFO: [USF-XSim-97] Finding global include files...
INFO: [USF-XSim-98] Fetching design files from 'sim_1'...
INFO: [USF-XSim-2] XSim::Compile design
INFO: [USF-XSim-61] Executing 'COMPILE and ANALYZE' step in 'C:/Users/cesar/Documents/GitHub/Asphalt-Journey/Asphalt-Journey.sim/sim_1/behav/xsim'
"xvhdl --incr --relax -prj DEC_JUEGO_tb_vhdl.prj"
INFO: [VRFC 10-163] Analyzing VHDL file "C:/Users/cesar/Documents/GitHub/Asphalt-Journey/Asphalt-Journey.srcs/sources_1/imports/new/DEC_JUEGO.vhd" into library xil_defaultlib
INFO: [VRFC 10-3107] analyzing entity 'DEC_JUEGO'
INFO: [VRFC 10-163] Analyzing VHDL file "C:/Users/cesar/Documents/GitHub/Asphalt-Journey/Asphalt-Journey.srcs/sim_1/imports/new/DEC_JUEGO_tb.vhd" into library xil_defaultlib
INFO: [VRFC 10-3107] analyzing entity 'DEC_JUEGO_tb'
INFO: [USF-XSim-69] 'compile' step finished in '1' seconds
INFO: [USF-XSim-3] XSim::Elaborate design
INFO: [USF-XSim-61] Executing 'ELABORATE' step in 'C:/Users/cesar/Documents/GitHub/Asphalt-Journey/Asphalt-Journey.sim/sim_1/behav/xsim'
"xelab --incr --debug typical --relax --mt 2 -L xil_defaultlib -L secureip --snapshot DEC_JUEGO_tb_behav xil_defaultlib.DEC_JUEGO_tb -log elaborate.log"
Vivado Simulator v2024.1
Copyright 1986-2022 Xilinx, Inc. All Rights Reserved.
Copyright 2022-2024 Advanced Micro Devices, Inc. All Rights Reserved.
Running: C:/Xilinx/Vivado/2024.1/bin/unwrapped/win64.o/xelab.exe --incr --debug typical --relax --mt 2 -L xil_defaultlib -L secureip --snapshot DEC_JUEGO_tb_behav xil_defaultlib.DEC_JUEGO_tb -log elaborate.log 
Using 2 slave threads.
Starting static elaboration
Completed static elaboration
Starting simulation data flow analysis
Completed simulation data flow analysis
Time Resolution for simulation is 1ps
Compiling package std.standard
Compiling package std.textio
Compiling package ieee.std_logic_1164
Compiling package ieee.std_logic_textio
Compiling package ieee.numeric_std
Compiling architecture behavioral of entity xil_defaultlib.DEC_JUEGO [dec_juego_default]
Compiling architecture behavioral of entity xil_defaultlib.dec_juego_tb
Built simulation snapshot DEC_JUEGO_tb_behav
INFO: [USF-XSim-69] 'elaborate' step finished in '2' seconds
INFO: [USF-XSim-4] XSim::Simulate design
INFO: [USF-XSim-61] Executing 'SIMULATE' step in 'C:/Users/cesar/Documents/GitHub/Asphalt-Journey/Asphalt-Journey.sim/sim_1/behav/xsim'
INFO: [USF-XSim-98] *** Running xsim
   with args "DEC_JUEGO_tb_behav -key {Behavioral:sim_1:Functional:DEC_JUEGO_tb} -tclbatch {DEC_JUEGO_tb.tcl} -log {simulate.log}"
INFO: [USF-XSim-8] Loading simulator feature
Time resolution is 1 ps
source DEC_JUEGO_tb.tcl
# set curr_wave [current_wave_config]
# if { [string length $curr_wave] == 0 } {
#   if { [llength [get_objects]] > 0} {
#     add_wave /
#     set_property needs_save false [current_wave_config]
#   } else {
#      send_msg_id Add_Wave-1 WARNING "No top level signals found. Simulator will start without a wave window. If you want to open a wave window go to 'File->New Waveform Configuration' or type 'create_wave_config' in the TCL console."
#   }
# }
# run 1000ns
Failure: [FIN SIMULACION]
Time: 60 ns  Iteration: 0  Process: /DEC_JUEGO_tb/sr  File: C:/Users/cesar/Documents/GitHub/Asphalt-Journey/Asphalt-Journey.srcs/sim_1/imports/new/DEC_JUEGO_tb.vhd
$finish called at time : 60 ns : File "C:/Users/cesar/Documents/GitHub/Asphalt-Journey/Asphalt-Journey.srcs/sim_1/imports/new/DEC_JUEGO_tb.vhd" Line 81
INFO: [USF-XSim-96] XSim completed. Design snapshot 'DEC_JUEGO_tb_behav' loaded.
INFO: [USF-XSim-97] XSim simulation ran for 1000ns
update_compile_order -fileset sim_1
WARNING: [filemgmt 56-199] Attempt to get parsing info during refresh. "On-the-fly" syntax checking information may be incorrect. [C:\Users\cesar\Documents\GitHub\Asphalt-Journey\Asphalt-Journey.srcs\sim_1\imports\new\DEC_JUEGO_tb.vhd:]
WARNING: [filemgmt 56-199] Attempt to get parsing info during refresh. "On-the-fly" syntax checking information may be incorrect. [C:\Users\cesar\Documents\GitHub\Asphalt-Journey\Asphalt-Journey.srcs\sources_1\imports\new\DEC_TXT.vhd:]
WARNING: [filemgmt 56-199] Attempt to get parsing info during refresh. "On-the-fly" syntax checking information may be incorrect. [C:\Users\cesar\Documents\GitHub\Asphalt-Journey\Asphalt-Journey.srcs\sources_1\imports\new\DEC_NUM.vhd:]
WARNING: [filemgmt 56-199] Attempt to get parsing info during refresh. "On-the-fly" syntax checking information may be incorrect. [C:\Users\cesar\Documents\GitHub\Asphalt-Journey\Asphalt-Journey.srcs\sources_1\imports\new\DEC_JUEGO.vhd:]
WARNING: [filemgmt 56-199] Attempt to get parsing info during refresh. "On-the-fly" syntax checking information may be incorrect. [C:\Users\cesar\Documents\GitHub\Asphalt-Journey\Asphalt-Journey.srcs\sim_1\imports\new\DEC_TXT_tb.vhd:]
WARNING: [filemgmt 56-199] Attempt to get parsing info during refresh. "On-the-fly" syntax checking information may be incorrect. [C:\Users\cesar\Documents\GitHub\Asphalt-Journey\Asphalt-Journey.srcs\sim_1\imports\new\DEC_NUM_tb.vhd:]
WARNING: [filemgmt 56-199] Attempt to get parsing info during refresh. "On-the-fly" syntax checking information may be incorrect. [C:\Users\cesar\Documents\GitHub\Asphalt-Journey\Asphalt-Journey.srcs\sources_1\imports\new\DEC_TXT.vhd:]
WARNING: [filemgmt 56-199] Attempt to get parsing info during refresh. "On-the-fly" syntax checking information may be incorrect. [C:\Users\cesar\Documents\GitHub\Asphalt-Journey\Asphalt-Journey.srcs\sources_1\imports\new\DEC_TXT.vhd:]
WARNING: [filemgmt 56-199] Attempt to get parsing info during refresh. "On-the-fly" syntax checking information may be incorrect. [C:\Users\cesar\Documents\GitHub\Asphalt-Journey\Asphalt-Journey.srcs\sim_1\imports\new\DEC_JUEGO_tb.vhd:]
WARNING: [filemgmt 56-199] Attempt to get parsing info during refresh. "On-the-fly" syntax checking information may be incorrect. [C:\Users\cesar\Documents\GitHub\Asphalt-Journey\Asphalt-Journey.srcs\sources_1\imports\new\DEC_TXT.vhd:]
WARNING: [filemgmt 56-199] Attempt to get parsing info during refresh. "On-the-fly" syntax checking information may be incorrect. [C:\Users\cesar\Documents\GitHub\Asphalt-Journey\Asphalt-Journey.srcs\sources_1\imports\new\DEC_NUM.vhd:]
WARNING: [filemgmt 56-199] Attempt to get parsing info during refresh. "On-the-fly" syntax checking information may be incorrect. [C:\Users\cesar\Documents\GitHub\Asphalt-Journey\Asphalt-Journey.srcs\sources_1\imports\new\DEC_JUEGO.vhd:]
WARNING: [filemgmt 56-199] Attempt to get parsing info during refresh. "On-the-fly" syntax checking information may be incorrect. [C:\Users\cesar\Documents\GitHub\Asphalt-Journey\Asphalt-Journey.srcs\sim_1\imports\new\DEC_TXT_tb.vhd:]
WARNING: [filemgmt 56-199] Attempt to get parsing info during refresh. "On-the-fly" syntax checking information may be incorrect. [C:\Users\cesar\Documents\GitHub\Asphalt-Journey\Asphalt-Journey.srcs\sim_1\imports\new\DEC_NUM_tb.vhd:]
WARNING: [filemgmt 56-199] Attempt to get parsing info during refresh. "On-the-fly" syntax checking information may be incorrect. [C:\Users\cesar\Documents\GitHub\Asphalt-Journey\Asphalt-Journey.srcs\sim_1\imports\new\DEC_TXT_tb.vhd:]
WARNING: [filemgmt 56-199] Attempt to get parsing info during refresh. "On-the-fly" syntax checking information may be incorrect. [C:\Users\cesar\Documents\GitHub\Asphalt-Journey\Asphalt-Journey.srcs\sim_1\imports\new\DEC_TXT_tb.vhd:]
WARNING: [filemgmt 56-199] Attempt to get parsing info during refresh. "On-the-fly" syntax checking information may be incorrect. [C:\Users\cesar\Documents\GitHub\Asphalt-Journey\Asphalt-Journey.srcs\sim_1\imports\new\DEC_JUEGO_tb.vhd:]
WARNING: [filemgmt 56-199] Attempt to get parsing info during refresh. "On-the-fly" syntax checking information may be incorrect. [C:\Users\cesar\Documents\GitHub\Asphalt-Journey\Asphalt-Journey.srcs\sources_1\imports\new\DEC_TXT.vhd:]
WARNING: [filemgmt 56-199] Attempt to get parsing info during refresh. "On-the-fly" syntax checking information may be incorrect. [C:\Users\cesar\Documents\GitHub\Asphalt-Journey\Asphalt-Journey.srcs\sources_1\imports\new\DEC_NUM.vhd:]
WARNING: [filemgmt 56-199] Attempt to get parsing info during refresh. "On-the-fly" syntax checking information may be incorrect. [C:\Users\cesar\Documents\GitHub\Asphalt-Journey\Asphalt-Journey.srcs\sources_1\imports\new\DEC_JUEGO.vhd:]
WARNING: [filemgmt 56-199] Attempt to get parsing info during refresh. "On-the-fly" syntax checking information may be incorrect. [C:\Users\cesar\Documents\GitHub\Asphalt-Journey\Asphalt-Journey.srcs\sim_1\imports\new\DEC_TXT_tb.vhd:]
WARNING: [filemgmt 56-199] Attempt to get parsing info during refresh. "On-the-fly" syntax checking information may be incorrect. [C:\Users\cesar\Documents\GitHub\Asphalt-Journey\Asphalt-Journey.srcs\sim_1\imports\new\DEC_NUM_tb.vhd:]
WARNING: [filemgmt 56-199] Attempt to get parsing info during refresh. "On-the-fly" syntax checking information may be incorrect. [C:\Users\cesar\Documents\GitHub\Asphalt-Journey\Asphalt-Journey.srcs\sim_1\imports\new\DEC_JUEGO_tb.vhd:]
WARNING: [filemgmt 56-199] Attempt to get parsing info during refresh. "On-the-fly" syntax checking information may be incorrect. [C:\Users\cesar\Documents\GitHub\Asphalt-Journey\Asphalt-Journey.srcs\sim_1\imports\new\DEC_JUEGO_tb.vhd:]
ERROR: [Common 17-180] Spawn failed: No error
ERROR: [Common 17-180] Spawn failed: No error
WARNING: [filemgmt 56-199] Attempt to get parsing info during refresh. "On-the-fly" syntax checking information may be incorrect. [C:\Users\cesar\Documents\GitHub\Asphalt-Journey\Asphalt-Journey.srcs\sim_1\imports\new\DEC_JUEGO_tb.vhd:]
WARNING: [filemgmt 56-199] Attempt to get parsing info during refresh. "On-the-fly" syntax checking information may be incorrect. [C:\Users\cesar\Documents\GitHub\Asphalt-Journey\Asphalt-Journey.srcs\sources_1\imports\new\DEC_TXT.vhd:]
ERROR: [Common 17-180] Spawn failed: No error
WARNING: [filemgmt 56-199] Attempt to get parsing info during refresh. "On-the-fly" syntax checking information may be incorrect. [C:\Users\cesar\Documents\GitHub\Asphalt-Journey\Asphalt-Journey.srcs\sources_1\imports\new\DEC_NUM.vhd:]
WARNING: [filemgmt 56-199] Attempt to get parsing info during refresh. "On-the-fly" syntax checking information may be incorrect. [C:\Users\cesar\Documents\GitHub\Asphalt-Journey\Asphalt-Journey.srcs\sources_1\imports\new\DEC_JUEGO.vhd:]
WARNING: [filemgmt 56-199] Attempt to get parsing info during refresh. "On-the-fly" syntax checking information may be incorrect. [C:\Users\cesar\Documents\GitHub\Asphalt-Journey\Asphalt-Journey.srcs\sim_1\imports\new\DEC_TXT_tb.vhd:]
close_sim
INFO: [Simtcl 6-16] Simulation closed
