Copyright 1986-2022 Xilinx, Inc. All Rights Reserved. Copyright 2022-2024 Advanced Micro Devices, Inc. All Rights Reserved.
-------------------------------------------------------------------------------------------------------------------------------------------------
| Tool Version     : Vivado v.2024.2 (win64) Build 5239630 Fri Nov 08 22:35:27 MST 2024
| Date             : Tue Jan 21 20:21:48 2025
| Host             : DESKTOP-1HN8B7K running 64-bit major release  (build 9200)
| Command          : report_power -file SUPER_TOP_power_routed.rpt -pb SUPER_TOP_power_summary_routed.pb -rpx SUPER_TOP_power_routed.rpx
| Design           : SUPER_TOP
| Device           : xc7a100tcsg324-1
| Design State     : routed
| Grade            : commercial
| Process          : typical
| Characterization : Production
-------------------------------------------------------------------------------------------------------------------------------------------------

Power Report

Table of Contents
-----------------
1. Summary
1.1 On-Chip Components
1.2 Power Supply Summary
1.3 Confidence Level
2. Settings
2.1 Environment
2.2 Clock Constraints
3. Detailed Reports
3.1 By Hierarchy

1. Summary
----------

+--------------------------+----------------------------------+
| Total On-Chip Power (W)  | 31.764 (Junction temp exceeded!) |
| Design Power Budget (W)  | Unspecified*                     |
| Power Budget Margin (W)  | NA                               |
| Dynamic (W)              | 30.967                           |
| Device Static (W)        | 0.797                            |
| Effective TJA (C/W)      | 4.6                              |
| Max Ambient (C)          | 0.0                              |
| Junction Temperature (C) | 125.0                            |
| Confidence Level         | Low                              |
| Setting File             | ---                              |
| Simulation Activity File | ---                              |
| Design Nets Matched      | NA                               |
+--------------------------+----------------------------------+
* Specify Design Power Budget using, set_operating_conditions -design_power_budget <value in Watts>


1.1 On-Chip Components
----------------------

+-------------------------+-----------+----------+-----------+-----------------+
| On-Chip                 | Power (W) | Used     | Available | Utilization (%) |
+-------------------------+-----------+----------+-----------+-----------------+
| Slice Logic             |    15.445 |     3532 |       --- |             --- |
|   LUT as Logic          |    12.657 |     2031 |     63400 |            3.20 |
|   CARRY4                |     2.588 |      482 |     15850 |            3.04 |
|   Register              |     0.184 |      703 |    126800 |            0.55 |
|   LUT as Shift Register |     0.010 |        4 |     19000 |            0.02 |
|   BUFG                  |     0.006 |        2 |        32 |            6.25 |
|   Others                |     0.000 |       54 |       --- |             --- |
| Signals                 |    13.722 |     2894 |       --- |             --- |
| I/O                     |     1.800 |       39 |       210 |           18.57 |
| Static Power            |     0.797 |          |           |                 |
| Total                   |    31.764 |          |           |                 |
+-------------------------+-----------+----------+-----------+-----------------+


1.2 Power Supply Summary
------------------------

+-----------+-------------+-----------+-------------+------------+-------------+-------------+------------+
| Source    | Voltage (V) | Total (A) | Dynamic (A) | Static (A) | Powerup (A) | Budget (A)  | Margin (A) |
+-----------+-------------+-----------+-------------+------------+-------------+-------------+------------+
| Vccint    |       1.000 |    29.753 |      29.191 |      0.563 |       NA    | Unspecified | NA         |
| Vccaux    |       1.800 |     0.158 |       0.065 |      0.093 |       NA    | Unspecified | NA         |
| Vcco33    |       3.300 |     0.507 |       0.503 |      0.004 |       NA    | Unspecified | NA         |
| Vcco25    |       2.500 |     0.000 |       0.000 |      0.000 |       NA    | Unspecified | NA         |
| Vcco18    |       1.800 |     0.000 |       0.000 |      0.000 |       NA    | Unspecified | NA         |
| Vcco15    |       1.500 |     0.000 |       0.000 |      0.000 |       NA    | Unspecified | NA         |
| Vcco135   |       1.350 |     0.000 |       0.000 |      0.000 |       NA    | Unspecified | NA         |
| Vcco12    |       1.200 |     0.000 |       0.000 |      0.000 |       NA    | Unspecified | NA         |
| Vccaux_io |       1.800 |     0.000 |       0.000 |      0.000 |       NA    | Unspecified | NA         |
| Vccbram   |       1.000 |     0.018 |       0.000 |      0.018 |       NA    | Unspecified | NA         |
| MGTAVcc   |       1.000 |     0.000 |       0.000 |      0.000 |       NA    | Unspecified | NA         |
| MGTAVtt   |       1.200 |     0.000 |       0.000 |      0.000 |       NA    | Unspecified | NA         |
| Vccadc    |       1.800 |     0.020 |       0.000 |      0.020 |       NA    | Unspecified | NA         |
+-----------+-------------+-----------+-------------+------------+-------------+-------------+------------+


1.3 Confidence Level
--------------------

+-----------------------------+------------+--------------------------------------------------------+--------------------------------------------------------------------------------------------------------------------+
| User Input Data             | Confidence | Details                                                | Action                                                                                                             |
+-----------------------------+------------+--------------------------------------------------------+--------------------------------------------------------------------------------------------------------------------+
| Design implementation state | High       | Design is routed                                       |                                                                                                                    |
| Clock nodes activity        | Low        | User specified less than 75% of clocks                 | Provide missing clock activity with a constraint file, simulation results or by editing the "By Clock Domain" view |
| I/O nodes activity          | Low        | More than 75% of inputs are missing user specification | Provide missing input activity with simulation results or by editing the "By Resource Type -> I/Os" view           |
| Internal nodes activity     | Medium     | User specified less than 25% of internal nodes         | Provide missing internal nodes activity with simulation results or by editing the "By Resource Type" views         |
| Device models               | High       | Device models are Production                           |                                                                                                                    |
|                             |            |                                                        |                                                                                                                    |
| Overall confidence level    | Low        |                                                        |                                                                                                                    |
+-----------------------------+------------+--------------------------------------------------------+--------------------------------------------------------------------------------------------------------------------+


2. Settings
-----------

2.1 Environment
---------------

+-----------------------+--------------------------+
| Ambient Temp (C)      | 25.0                     |
| ThetaJA (C/W)         | 4.6                      |
| Airflow (LFM)         | 250                      |
| Heat Sink             | medium (Medium Profile)  |
| ThetaSA (C/W)         | 4.6                      |
| Board Selection       | medium (10"x10")         |
| # of Board Layers     | 12to15 (12 to 15 Layers) |
| Board Temperature (C) | 25.0                     |
+-----------------------+--------------------------+


2.2 Clock Constraints
---------------------

+-------+--------+-----------------+
| Clock | Domain | Constraint (ns) |
+-------+--------+-----------------+


3. Detailed Reports
-------------------

3.1 By Hierarchy
----------------

+------------------------------------+-----------+
| Name                               | Power (W) |
+------------------------------------+-----------+
| SUPER_TOP                          |    30.967 |
|   Administrar_carretera            |     0.043 |
|   Barra_LED                        |    22.497 |
|     Display                        |     0.007 |
|     Unidad_logica                  |    22.490 |
|   ControlCoche                     |     0.752 |
|     CTRL_POS                       |     0.267 |
|     Cooldown_dev                   |     0.485 |
|       Temporizador                 |     0.478 |
|   Ctrl_impresion                   |     1.292 |
|     inst_gestion_impresion_juego   |     1.290 |
|       mux_and_imp_juego_actual     |     0.686 |
|       mux_and_imp_juego_futuro     |     0.604 |
|     inst_orden_impresion_juego     |     0.002 |
|   Cuent_atras                      |     1.098 |
|     Logica                         |     1.098 |
|   Habilidad_tanque                 |     0.064 |
|   Impresion_texto                  |     1.060 |
|     inst_mux_txt                   |     1.060 |
|   Maquina_estados                  |     0.362 |
|   Niveles_de_carreteras            |     0.068 |
|   SEL_CAR                          |     0.252 |
|   SEL_DIF                          |     1.253 |
|   Tratamiento_Botones              |     0.147 |
|     for_generate[0].inst_sync_edge |     0.028 |
|       edge                         |     0.023 |
|       sync                         |     0.005 |
|     for_generate[1].inst_sync_edge |     0.027 |
|       edge                         |     0.022 |
|       sync                         |     0.005 |
|     for_generate[2].inst_sync_edge |     0.028 |
|       edge                         |     0.023 |
|       sync                         |     0.005 |
|     for_generate[3].inst_sync_edge |     0.033 |
|       edge                         |     0.028 |
|       sync                         |     0.005 |
|     for_generate[4].inst_sync_edge |     0.031 |
|       edge                         |     0.025 |
|       sync                         |     0.006 |
|   gen_clk                          |     0.226 |
|     timer_gen[0].tx                |     0.114 |
|     timer_gen[1].tx                |     0.112 |
+------------------------------------+-----------+


