Copyright 1986-2022 Xilinx, Inc. All Rights Reserved. Copyright 2022-2024 Advanced Micro Devices, Inc. All Rights Reserved.
---------------------------------------------------------------------------------------------------------------------------------------------
| Tool Version : Vivado v.2024.1 (win64) Build 5076996 Wed May 22 18:37:14 MDT 2024
| Date         : Tue Jan 21 14:02:50 2025
| Host         : DESKTOP-A7KB9SN running 64-bit major release  (build 9200)
| Command      : report_control_sets -verbose -file SUPER_TOP_control_sets_placed.rpt
| Design       : SUPER_TOP
| Device       : xc7a100t
---------------------------------------------------------------------------------------------------------------------------------------------

Control Set Information

Table of Contents
-----------------
1. Summary
2. Histogram
3. Flip-Flop Distribution
4. Detailed Control Set Information

1. Summary
----------

+----------------------------------------------------------+-------+
|                          Status                          | Count |
+----------------------------------------------------------+-------+
| Total control sets                                       |   207 |
|    Minimum number of control sets                        |   207 |
|    Addition due to synthesis replication                 |     0 |
|    Addition due to physical synthesis replication        |     0 |
| Unused register locations in slices containing registers |  1354 |
+----------------------------------------------------------+-------+
* Control sets can be merged at opt_design using control_set_merge or merge_equivalent_drivers
** Run report_qor_suggestions for automated merging and remapping suggestions


2. Histogram
------------

+--------------------+-------+
|       Fanout       | Count |
+--------------------+-------+
| Total control sets |   207 |
| >= 0 to < 4        |   191 |
| >= 4 to < 6        |     0 |
| >= 6 to < 8        |     0 |
| >= 8 to < 10       |     2 |
| >= 10 to < 12      |     0 |
| >= 12 to < 14      |     0 |
| >= 14 to < 16      |     0 |
| >= 16              |    14 |
+--------------------+-------+
* Control sets can be remapped at either synth_design or opt_design


3. Flip-Flop Distribution
-------------------------

+--------------+-----------------------+------------------------+-----------------+--------------+
| Clock Enable | Synchronous Set/Reset | Asynchronous Set/Reset | Total Registers | Total Slices |
+--------------+-----------------------+------------------------+-----------------+--------------+
| No           | No                    | No                     |             150 |           59 |
| No           | No                    | Yes                    |              98 |           52 |
| No           | Yes                   | No                     |             167 |           92 |
| Yes          | No                    | No                     |               0 |            0 |
| Yes          | No                    | Yes                    |             272 |          146 |
| Yes          | Yes                   | No                     |              31 |            7 |
+--------------+-----------------------+------------------------+-----------------+--------------+


4. Detailed Control Set Information
-----------------------------------

+----------------------------------------------------------------------------------------------+---------------------------------------------------------------+-----------------------------------------------------------------------------------------------------------------------+------------------+----------------+--------------+
|                                         Clock Signal                                         |                         Enable Signal                         |                                                    Set/Reset Signal                                                   | Slice Load Count | Bel Load Count | Bels / Slice |
+----------------------------------------------------------------------------------------------+---------------------------------------------------------------+-----------------------------------------------------------------------------------------------------------------------+------------------+----------------+--------------+
|  Cuent_atras/Logica/count_reg[0]_LDC_i_1__0_n_0                                              |                                                               | Cuent_atras/Logica/count_reg[0]_LDC_i_2__0_n_0                                                                        |                1 |              1 |         1.00 |
|  Cuent_atras/FLANCO/FSM_onehot_cur_state_reg[0]                                              |                                                               | Cuent_atras/FLANCO/FSM_onehot_cur_state_reg[0]_0                                                                      |                1 |              1 |         1.00 |
|  Maquina_estados/FSM_onehot_cur_state_reg[0]_2                                               |                                                               | Maquina_estados/FSM_onehot_cur_state_reg[0]_32                                                                        |                1 |              1 |         1.00 |
|  Maquina_estados/FSM_onehot_cur_state_reg[0]_53                                              |                                                               | Maquina_estados/FSM_onehot_cur_state_reg[0]_23                                                                        |                1 |              1 |         1.00 |
|  Maquina_estados/FSM_onehot_cur_state_reg[0]_33                                              |                                                               | Maquina_estados/FSM_onehot_cur_state_reg[0]_3                                                                         |                1 |              1 |         1.00 |
|  Maquina_estados/FSM_onehot_cur_state_reg[0]_44                                              |                                                               | Maquina_estados/FSM_onehot_cur_state_reg[0]_14                                                                        |                1 |              1 |         1.00 |
|  Maquina_estados/FSM_onehot_cur_state_reg[0]_49                                              |                                                               | Maquina_estados/FSM_onehot_cur_state_reg[0]_19                                                                        |                1 |              1 |         1.00 |
|  Maquina_estados/FSM_onehot_cur_state_reg[0]_60                                              |                                                               | Maquina_estados/FSM_onehot_cur_state_reg[0]_30                                                                        |                1 |              1 |         1.00 |
|  Maquina_estados/FSM_onehot_cur_state_reg[0]_34                                              |                                                               | Maquina_estados/FSM_onehot_cur_state_reg[0]_4                                                                         |                1 |              1 |         1.00 |
|  Maquina_estados/FSM_onehot_cur_state_reg[0]_58                                              |                                                               | Maquina_estados/FSM_onehot_cur_state_reg[0]_28                                                                        |                1 |              1 |         1.00 |
|  Maquina_estados/FSM_onehot_cur_state_reg[0]_37                                              |                                                               | Maquina_estados/FSM_onehot_cur_state_reg[0]_7                                                                         |                1 |              1 |         1.00 |
|  Maquina_estados/FSM_onehot_cur_state_reg[0]_38                                              |                                                               | Maquina_estados/FSM_onehot_cur_state_reg[0]_8                                                                         |                1 |              1 |         1.00 |
|  Maquina_estados/FSM_onehot_cur_state_reg[0]_39                                              |                                                               | Maquina_estados/FSM_onehot_cur_state_reg[0]_9                                                                         |                1 |              1 |         1.00 |
|  Maquina_estados/FSM_onehot_cur_state_reg[0]_36                                              |                                                               | Maquina_estados/FSM_onehot_cur_state_reg[0]_6                                                                         |                1 |              1 |         1.00 |
|  Maquina_estados/FSM_onehot_cur_state_reg[0]_48                                              |                                                               | Maquina_estados/FSM_onehot_cur_state_reg[0]_18                                                                        |                1 |              1 |         1.00 |
|  Maquina_estados/FSM_onehot_cur_state_reg[0]_40                                              |                                                               | Maquina_estados/FSM_onehot_cur_state_reg[0]_10                                                                        |                1 |              1 |         1.00 |
|  Maquina_estados/FSM_onehot_cur_state_reg[0]_52                                              |                                                               | Maquina_estados/FSM_onehot_cur_state_reg[0]_22                                                                        |                1 |              1 |         1.00 |
|  Maquina_estados/FSM_onehot_cur_state_reg[0]_56                                              |                                                               | Maquina_estados/FSM_onehot_cur_state_reg[0]_26                                                                        |                1 |              1 |         1.00 |
|  Maquina_estados/FSM_onehot_cur_state_reg[0]_43                                              |                                                               | Maquina_estados/FSM_onehot_cur_state_reg[0]_13                                                                        |                1 |              1 |         1.00 |
|  Maquina_estados/FSM_onehot_cur_state_reg[0]_42                                              |                                                               | Maquina_estados/FSM_onehot_cur_state_reg[0]_12                                                                        |                1 |              1 |         1.00 |
|  Maquina_estados/FSM_onehot_cur_state_reg[0]_55                                              |                                                               | Maquina_estados/FSM_onehot_cur_state_reg[0]_25                                                                        |                1 |              1 |         1.00 |
|  Maquina_estados/FSM_onehot_cur_state_reg[0]_54                                              |                                                               | Maquina_estados/FSM_onehot_cur_state_reg[0]_24                                                                        |                1 |              1 |         1.00 |
|  Maquina_estados/FSM_onehot_cur_state_reg[0]_57                                              |                                                               | Maquina_estados/FSM_onehot_cur_state_reg[0]_27                                                                        |                1 |              1 |         1.00 |
|  Maquina_estados/FSM_onehot_cur_state_reg[0]_46                                              |                                                               | Maquina_estados/FSM_onehot_cur_state_reg[0]_16                                                                        |                1 |              1 |         1.00 |
|  Maquina_estados/FSM_onehot_cur_state_reg[0]_35                                              |                                                               | Maquina_estados/FSM_onehot_cur_state_reg[0]_5                                                                         |                1 |              1 |         1.00 |
|  Maquina_estados/FSM_onehot_cur_state_reg[0]_51                                              |                                                               | Maquina_estados/FSM_onehot_cur_state_reg[0]_21                                                                        |                1 |              1 |         1.00 |
|  Maquina_estados/FSM_onehot_cur_state_reg[0]_47                                              |                                                               | Maquina_estados/FSM_onehot_cur_state_reg[0]_17                                                                        |                1 |              1 |         1.00 |
|  Maquina_estados/FSM_onehot_cur_state_reg[0]_41                                              |                                                               | Maquina_estados/FSM_onehot_cur_state_reg[0]_11                                                                        |                1 |              1 |         1.00 |
|  Maquina_estados/FSM_onehot_cur_state_reg[0]_59                                              |                                                               | Maquina_estados/FSM_onehot_cur_state_reg[0]_29                                                                        |                1 |              1 |         1.00 |
|  Maquina_estados/FSM_onehot_cur_state_reg[0]_50                                              |                                                               | Maquina_estados/FSM_onehot_cur_state_reg[0]_20                                                                        |                1 |              1 |         1.00 |
|  Maquina_estados/FSM_onehot_cur_state_reg[0]_61                                              |                                                               | Maquina_estados/FSM_onehot_cur_state_reg[0]_31                                                                        |                1 |              1 |         1.00 |
|  Maquina_estados/FSM_onehot_cur_state_reg[0]_45                                              |                                                               | Maquina_estados/FSM_onehot_cur_state_reg[0]_15                                                                        |                1 |              1 |         1.00 |
|  ControlCoche/Cooldown_dev/Temporizador/count_reg[18]_LDC_i_1_n_0                            |                                                               | ControlCoche/Cooldown_dev/Temporizador/count_reg[18]_LDC_i_2_n_0                                                      |                1 |              1 |         1.00 |
|  ControlCoche/Cooldown_dev/Temporizador/count_reg[23]_LDC_i_1_n_0                            |                                                               | ControlCoche/Cooldown_dev/Temporizador/count_reg[23]_LDC_i_2_n_0                                                      |                1 |              1 |         1.00 |
|  ControlCoche/Cooldown_dev/Temporizador/count_reg[24]_LDC_i_1_n_0                            |                                                               | ControlCoche/Cooldown_dev/Temporizador/count_reg[24]_LDC_i_2_n_0                                                      |                1 |              1 |         1.00 |
|  ControlCoche/Cooldown_dev/Temporizador/count_reg[19]_LDC_i_1_n_0                            |                                                               | ControlCoche/Cooldown_dev/Temporizador/count_reg[19]_LDC_i_2_n_0                                                      |                1 |              1 |         1.00 |
|  ControlCoche/Cooldown_dev/Temporizador/count_reg[21]_LDC_i_1_n_0                            |                                                               | ControlCoche/Cooldown_dev/Temporizador/count_reg[21]_LDC_i_2_n_0                                                      |                1 |              1 |         1.00 |
|  ControlCoche/Cooldown_dev/Temporizador/count_reg[1]_LDC_i_1_n_0                             |                                                               | ControlCoche/Cooldown_dev/Temporizador/count_reg[1]_LDC_i_2_n_0                                                       |                1 |              1 |         1.00 |
|  ControlCoche/Cooldown_dev/Temporizador/count_reg[27]_LDC_i_1_n_0                            |                                                               | ControlCoche/Cooldown_dev/Temporizador/count_reg[27]_LDC_i_2_n_0                                                      |                1 |              1 |         1.00 |
|  ControlCoche/Cooldown_dev/Temporizador/count_reg[25]_LDC_i_1_n_0                            |                                                               | ControlCoche/Cooldown_dev/Temporizador/count_reg[25]_LDC_i_2_n_0                                                      |                1 |              1 |         1.00 |
|  ControlCoche/Cooldown_dev/Temporizador/count_reg[16]_LDC_i_1_n_0                            |                                                               | ControlCoche/Cooldown_dev/Temporizador/count_reg[16]_LDC_i_2_n_0                                                      |                1 |              1 |         1.00 |
|  ControlCoche/Cooldown_dev/Temporizador/count_reg[17]_LDC_i_1_n_0                            |                                                               | ControlCoche/Cooldown_dev/Temporizador/count_reg[17]_LDC_i_2_n_0                                                      |                1 |              1 |         1.00 |
|  ControlCoche/Cooldown_dev/Temporizador/count_reg[20]_LDC_i_1_n_0                            |                                                               | ControlCoche/Cooldown_dev/Temporizador/count_reg[20]_LDC_i_2_n_0                                                      |                1 |              1 |         1.00 |
|  ControlCoche/Cooldown_dev/Temporizador/count_reg[22]_LDC_i_1_n_0                            |                                                               | ControlCoche/Cooldown_dev/Temporizador/count_reg[22]_LDC_i_2_n_0                                                      |                1 |              1 |         1.00 |
|  ControlCoche/Cooldown_dev/Temporizador/count_reg[26]_LDC_i_1_n_0                            |                                                               | ControlCoche/Cooldown_dev/Temporizador/count_reg[26]_LDC_i_2_n_0                                                      |                1 |              1 |         1.00 |
|  ControlCoche/Cooldown_dev/Temporizador/count_reg[7]_LDC_i_1_n_0                             |                                                               | ControlCoche/Cooldown_dev/Temporizador/count_reg[7]_LDC_i_2_n_0                                                       |                1 |              1 |         1.00 |
|  ControlCoche/Cooldown_dev/Temporizador/count_reg[5]_LDC_i_1_n_0                             |                                                               | ControlCoche/Cooldown_dev/Temporizador/count_reg[5]_LDC_i_2_n_0                                                       |                1 |              1 |         1.00 |
|  ControlCoche/Cooldown_dev/Temporizador/count_reg[8]_LDC_i_1_n_0                             |                                                               | ControlCoche/Cooldown_dev/Temporizador/count_reg[8]_LDC_i_2_n_0                                                       |                1 |              1 |         1.00 |
|  ControlCoche/Cooldown_dev/Temporizador/count_reg[29]_LDC_i_1_n_0                            |                                                               | ControlCoche/Cooldown_dev/Temporizador/count_reg[29]_LDC_i_2_n_0                                                      |                1 |              1 |         1.00 |
|  ControlCoche/Cooldown_dev/Temporizador/count_reg[3]_LDC_i_1_n_0                             |                                                               | ControlCoche/Cooldown_dev/Temporizador/count_reg[3]_LDC_i_2_n_0                                                       |                1 |              1 |         1.00 |
|  ControlCoche/Cooldown_dev/Temporizador/count_reg[6]_LDC_i_1_n_0                             |                                                               | ControlCoche/Cooldown_dev/Temporizador/count_reg[6]_LDC_i_2_n_0                                                       |                1 |              1 |         1.00 |
|  ControlCoche/Cooldown_dev/Temporizador/count_reg[9]_LDC_i_1_n_0                             |                                                               | ControlCoche/Cooldown_dev/Temporizador/count_reg[9]_LDC_i_2_n_0                                                       |                1 |              1 |         1.00 |
|  ControlCoche/Cooldown_dev/Temporizador/count_reg[4]_LDC_i_1_n_0                             |                                                               | ControlCoche/Cooldown_dev/Temporizador/count_reg[4]_LDC_i_2_n_0                                                       |                1 |              1 |         1.00 |
|  ControlCoche/Cooldown_dev/Temporizador/count_reg[30]_LDC_i_1_n_0                            |                                                               | ControlCoche/Cooldown_dev/Temporizador/count_reg[30]_LDC_i_2_n_0                                                      |                1 |              1 |         1.00 |
|  ControlCoche/Cooldown_dev/Temporizador/count_reg[28]_LDC_i_1_n_0                            |                                                               | ControlCoche/Cooldown_dev/Temporizador/count_reg[28]_LDC_i_2_n_0                                                      |                1 |              1 |         1.00 |
|  ControlCoche/Cooldown_dev/Temporizador/count_reg[2]_LDC_i_1_n_0                             |                                                               | ControlCoche/Cooldown_dev/Temporizador/count_reg[2]_LDC_i_2_n_0                                                       |                1 |              1 |         1.00 |
|  ControlCoche/Cooldown_dev/Temporizador/count_reg[11]_LDC_i_1_n_0                            |                                                               | ControlCoche/Cooldown_dev/Temporizador/count_reg[11]_LDC_i_2_n_0                                                      |                1 |              1 |         1.00 |
|  ControlCoche/Cooldown_dev/Temporizador/count_reg[0]_LDC_i_1_n_0                             |                                                               | ControlCoche/Cooldown_dev/Temporizador/count_reg[0]_LDC_i_2_n_0                                                       |                1 |              1 |         1.00 |
|  ControlCoche/Cooldown_dev/Temporizador/count_reg[10]_LDC_i_1_n_0                            |                                                               | ControlCoche/Cooldown_dev/Temporizador/count_reg[10]_LDC_i_2_n_0                                                      |                1 |              1 |         1.00 |
|  ControlCoche/Cooldown_dev/Temporizador/count_reg[12]_LDC_i_1_n_0                            |                                                               | ControlCoche/Cooldown_dev/Temporizador/count_reg[12]_LDC_i_2_n_0                                                      |                1 |              1 |         1.00 |
|  ControlCoche/Cooldown_dev/Temporizador/count_reg[15]_LDC_i_1_n_0                            |                                                               | ControlCoche/Cooldown_dev/Temporizador/count_reg[15]_LDC_i_2_n_0                                                      |                1 |              1 |         1.00 |
|  ControlCoche/Cooldown_dev/Temporizador/count_reg[14]_LDC_i_1_n_0                            |                                                               | ControlCoche/Cooldown_dev/Temporizador/count_reg[14]_LDC_i_2_n_0                                                      |                1 |              1 |         1.00 |
|  ControlCoche/Cooldown_dev/Temporizador/count_reg[13]_LDC_i_1_n_0                            |                                                               | ControlCoche/Cooldown_dev/Temporizador/count_reg[13]_LDC_i_2_n_0                                                      |                1 |              1 |         1.00 |
|  CLK_IBUF_BUFG                                                                               | Maquina_estados/Q[3]                                          | ControlCoche/Cooldown_dev/Temporizador/count_reg[0]_LDC_i_1_n_0                                                       |                1 |              1 |         1.00 |
|  CLK_IBUF_BUFG                                                                               | Maquina_estados/Q[3]                                          | ControlCoche/Cooldown_dev/Temporizador/count_reg[10]_LDC_i_1_n_0                                                      |                1 |              1 |         1.00 |
|  CLK_IBUF_BUFG                                                                               |                                                               | Cuent_atras/FLANCO/FSM_onehot_cur_state_reg[0]_0                                                                      |                1 |              1 |         1.00 |
|  CLK_IBUF_BUFG                                                                               |                                                               | Cuent_atras/FLANCO/FSM_onehot_cur_state_reg[0]                                                                        |                1 |              1 |         1.00 |
|  CLK_IBUF_BUFG                                                                               | Maquina_estados/Q[3]                                          | ControlCoche/Cooldown_dev/Temporizador/count_reg[12]_LDC_i_1_n_0                                                      |                1 |              1 |         1.00 |
|  CLK_IBUF_BUFG                                                                               |                                                               | ControlCoche/Cooldown_dev/Temporizador/count_reg[18]_LDC_i_2_n_0                                                      |                1 |              1 |         1.00 |
|  CLK_IBUF_BUFG                                                                               |                                                               | ControlCoche/Cooldown_dev/Temporizador/count_reg[22]_LDC_i_2_n_0                                                      |                1 |              1 |         1.00 |
|  CLK_IBUF_BUFG                                                                               |                                                               | ControlCoche/Cooldown_dev/Temporizador/count_reg[24]_LDC_i_2_n_0                                                      |                1 |              1 |         1.00 |
|  CLK_IBUF_BUFG                                                                               |                                                               | ControlCoche/Cooldown_dev/Temporizador/count_reg[20]_LDC_i_2_n_0                                                      |                1 |              1 |         1.00 |
|  CLK_IBUF_BUFG                                                                               |                                                               | ControlCoche/Cooldown_dev/Temporizador/count_reg[25]_LDC_i_2_n_0                                                      |                1 |              1 |         1.00 |
|  CLK_IBUF_BUFG                                                                               |                                                               | ControlCoche/Cooldown_dev/Temporizador/count_reg[26]_LDC_i_2_n_0                                                      |                1 |              1 |         1.00 |
|  CLK_IBUF_BUFG                                                                               |                                                               | ControlCoche/Cooldown_dev/Temporizador/count_reg[19]_LDC_i_2_n_0                                                      |                1 |              1 |         1.00 |
|  CLK_IBUF_BUFG                                                                               |                                                               | ControlCoche/Cooldown_dev/Temporizador/count_reg[16]_LDC_i_2_n_0                                                      |                1 |              1 |         1.00 |
|  CLK_IBUF_BUFG                                                                               |                                                               | ControlCoche/Cooldown_dev/Temporizador/count_reg[23]_LDC_i_2_n_0                                                      |                1 |              1 |         1.00 |
|  CLK_IBUF_BUFG                                                                               |                                                               | ControlCoche/Cooldown_dev/Temporizador/count_reg[21]_LDC_i_2_n_0                                                      |                1 |              1 |         1.00 |
|  CLK_IBUF_BUFG                                                                               |                                                               | ControlCoche/Cooldown_dev/Temporizador/count_reg[1]_LDC_i_2_n_0                                                       |                1 |              1 |         1.00 |
|  CLK_IBUF_BUFG                                                                               |                                                               | ControlCoche/Cooldown_dev/Temporizador/count_reg[17]_LDC_i_2_n_0                                                      |                1 |              1 |         1.00 |
|  CLK_IBUF_BUFG                                                                               |                                                               | ControlCoche/Cooldown_dev/Temporizador/count_reg[27]_LDC_i_2_n_0                                                      |                1 |              1 |         1.00 |
|  CLK_IBUF_BUFG                                                                               |                                                               | ControlCoche/Cooldown_dev/Temporizador/count_reg[7]_LDC_i_2_n_0                                                       |                1 |              1 |         1.00 |
|  CLK_IBUF_BUFG                                                                               |                                                               | ControlCoche/Cooldown_dev/Temporizador/count_reg[29]_LDC_i_2_n_0                                                      |                1 |              1 |         1.00 |
|  CLK_IBUF_BUFG                                                                               |                                                               | ControlCoche/Cooldown_dev/Temporizador/count_reg[3]_LDC_i_2_n_0                                                       |                1 |              1 |         1.00 |
|  CLK_IBUF_BUFG                                                                               |                                                               | ControlCoche/Cooldown_dev/Temporizador/count_reg[6]_LDC_i_2_n_0                                                       |                1 |              1 |         1.00 |
|  CLK_IBUF_BUFG                                                                               |                                                               | ControlCoche/Cooldown_dev/Temporizador/count_reg[28]_LDC_i_2_n_0                                                      |                1 |              1 |         1.00 |
|  CLK_IBUF_BUFG                                                                               |                                                               | ControlCoche/Cooldown_dev/Temporizador/count_reg[30]_LDC_i_2_n_0                                                      |                1 |              1 |         1.00 |
|  CLK_IBUF_BUFG                                                                               |                                                               | ControlCoche/Cooldown_dev/Temporizador/count_reg[5]_LDC_i_2_n_0                                                       |                1 |              1 |         1.00 |
|  CLK_IBUF_BUFG                                                                               |                                                               | ControlCoche/Cooldown_dev/Temporizador/count_reg[8]_LDC_i_2_n_0                                                       |                1 |              1 |         1.00 |
|  CLK_IBUF_BUFG                                                                               |                                                               | ControlCoche/Cooldown_dev/Temporizador/count_reg[2]_LDC_i_2_n_0                                                       |                1 |              1 |         1.00 |
|  CLK_IBUF_BUFG                                                                               |                                                               | ControlCoche/Cooldown_dev/Temporizador/count_reg[4]_LDC_i_2_n_0                                                       |                1 |              1 |         1.00 |
|  CLK_IBUF_BUFG                                                                               |                                                               | ControlCoche/Cooldown_dev/Temporizador/count_reg[9]_LDC_i_2_n_0                                                       |                1 |              1 |         1.00 |
|  CLK_IBUF_BUFG                                                                               |                                                               | ControlCoche/Cooldown_dev/reset_tem                                                                                   |                1 |              1 |         1.00 |
|  CLK_IBUF_BUFG                                                                               | Maquina_estados/Q[3]                                          | ControlCoche/Cooldown_dev/Temporizador/count_reg[15]_LDC_i_1_n_0                                                      |                1 |              1 |         1.00 |
|  CLK_IBUF_BUFG                                                                               | Maquina_estados/Q[3]                                          | ControlCoche/Cooldown_dev/Temporizador/count_reg[14]_LDC_i_1_n_0                                                      |                1 |              1 |         1.00 |
|  CLK_IBUF_BUFG                                                                               |                                                               | ControlCoche/Cooldown_dev/Temporizador/count_reg[11]_LDC_i_2_n_0                                                      |                1 |              1 |         1.00 |
|  CLK_IBUF_BUFG                                                                               |                                                               | ControlCoche/Cooldown_dev/Temporizador/count_reg[0]_LDC_i_2_n_0                                                       |                1 |              1 |         1.00 |
|  CLK_IBUF_BUFG                                                                               |                                                               | ControlCoche/Cooldown_dev/Temporizador/count_reg[10]_LDC_i_2_n_0                                                      |                1 |              1 |         1.00 |
|  CLK_IBUF_BUFG                                                                               |                                                               | ControlCoche/Cooldown_dev/Temporizador/count_reg[13]_LDC_i_2_n_0                                                      |                1 |              1 |         1.00 |
|  CLK_IBUF_BUFG                                                                               |                                                               | ControlCoche/Cooldown_dev/Temporizador/count_reg[14]_LDC_i_2_n_0                                                      |                1 |              1 |         1.00 |
|  CLK_IBUF_BUFG                                                                               |                                                               | ControlCoche/Cooldown_dev/Temporizador/count_reg[15]_LDC_i_2_n_0                                                      |                1 |              1 |         1.00 |
|  CLK_IBUF_BUFG                                                                               |                                                               | ControlCoche/Cooldown_dev/Temporizador/count_reg[12]_LDC_i_2_n_0                                                      |                1 |              1 |         1.00 |
|  CLK_IBUF_BUFG                                                                               | Maquina_estados/Q[3]                                          | ControlCoche/Cooldown_dev/Temporizador/count_reg[13]_LDC_i_1_n_0                                                      |                1 |              1 |         1.00 |
|  CLK_IBUF_BUFG                                                                               | Maquina_estados/Q[3]                                          | Maquina_estados/FSM_onehot_cur_state_reg[0]_26                                                                        |                1 |              1 |         1.00 |
|  CLK_IBUF_BUFG                                                                               | Maquina_estados/Q[3]                                          | Cuent_atras/Logica/count_reg[0]_LDC_i_1__0_n_0                                                                        |                1 |              1 |         1.00 |
|  CLK_IBUF_BUFG                                                                               | Maquina_estados/Q[3]                                          | Cuent_atras/Logica/count_reg[0]_LDC_i_2__0_n_0                                                                        |                1 |              1 |         1.00 |
|  CLK_IBUF_BUFG                                                                               | Maquina_estados/Q[3]                                          | Maquina_estados/FSM_onehot_cur_state_reg[0]_2                                                                         |                1 |              1 |         1.00 |
|  CLK_IBUF_BUFG                                                                               | Maquina_estados/Q[3]                                          | Maquina_estados/FSM_onehot_cur_state_reg[0]_15                                                                        |                1 |              1 |         1.00 |
|  CLK_IBUF_BUFG                                                                               | Maquina_estados/Q[3]                                          | Maquina_estados/FSM_onehot_cur_state_reg[0]_10                                                                        |                1 |              1 |         1.00 |
|  CLK_IBUF_BUFG                                                                               | Maquina_estados/Q[3]                                          | Maquina_estados/FSM_onehot_cur_state_reg[0]_21                                                                        |                1 |              1 |         1.00 |
|  CLK_IBUF_BUFG                                                                               | Maquina_estados/Q[3]                                          | Maquina_estados/FSM_onehot_cur_state_reg[0]_24                                                                        |                1 |              1 |         1.00 |
|  CLK_IBUF_BUFG                                                                               | Maquina_estados/Q[3]                                          | Maquina_estados/FSM_onehot_cur_state_reg[0]_27                                                                        |                1 |              1 |         1.00 |
|  CLK_IBUF_BUFG                                                                               | Maquina_estados/Q[3]                                          | Maquina_estados/FSM_onehot_cur_state_reg[0]_28                                                                        |                1 |              1 |         1.00 |
|  CLK_IBUF_BUFG                                                                               | Maquina_estados/Q[3]                                          | Maquina_estados/FSM_onehot_cur_state_reg[0]_29                                                                        |                1 |              1 |         1.00 |
|  CLK_IBUF_BUFG                                                                               | Maquina_estados/Q[3]                                          | Maquina_estados/FSM_onehot_cur_state_reg[0]_3                                                                         |                1 |              1 |         1.00 |
|  CLK_IBUF_BUFG                                                                               | Maquina_estados/Q[3]                                          | Maquina_estados/FSM_onehot_cur_state_reg[0]_11                                                                        |                1 |              1 |         1.00 |
|  CLK_IBUF_BUFG                                                                               | Maquina_estados/Q[3]                                          | Maquina_estados/FSM_onehot_cur_state_reg[0]_14                                                                        |                1 |              1 |         1.00 |
|  CLK_IBUF_BUFG                                                                               | Maquina_estados/Q[3]                                          | Maquina_estados/FSM_onehot_cur_state_reg[0]_17                                                                        |                1 |              1 |         1.00 |
|  CLK_IBUF_BUFG                                                                               | Maquina_estados/Q[3]                                          | Maquina_estados/FSM_onehot_cur_state_reg[0]_18                                                                        |                1 |              1 |         1.00 |
|  CLK_IBUF_BUFG                                                                               | Maquina_estados/Q[3]                                          | Maquina_estados/FSM_onehot_cur_state_reg[0]_22                                                                        |                1 |              1 |         1.00 |
|  CLK_IBUF_BUFG                                                                               | Maquina_estados/Q[3]                                          | Maquina_estados/FSM_onehot_cur_state_reg[0]_13                                                                        |                1 |              1 |         1.00 |
|  CLK_IBUF_BUFG                                                                               | Maquina_estados/Q[3]                                          | Maquina_estados/FSM_onehot_cur_state_reg[0]_25                                                                        |                1 |              1 |         1.00 |
|  CLK_IBUF_BUFG                                                                               | Maquina_estados/Q[3]                                          | Maquina_estados/FSM_onehot_cur_state_reg[0]_20                                                                        |                1 |              1 |         1.00 |
|  CLK_IBUF_BUFG                                                                               | Maquina_estados/Q[3]                                          | Maquina_estados/FSM_onehot_cur_state_reg[0]_23                                                                        |                1 |              1 |         1.00 |
|  CLK_IBUF_BUFG                                                                               | Maquina_estados/Q[3]                                          | Maquina_estados/FSM_onehot_cur_state_reg[0]_16                                                                        |                1 |              1 |         1.00 |
|  CLK_IBUF_BUFG                                                                               | Maquina_estados/Q[3]                                          | Maquina_estados/FSM_onehot_cur_state_reg[0]_19                                                                        |                1 |              1 |         1.00 |
|  CLK_IBUF_BUFG                                                                               | Maquina_estados/Q[3]                                          | Maquina_estados/FSM_onehot_cur_state_reg[0]_12                                                                        |                1 |              1 |         1.00 |
|  CLK_IBUF_BUFG                                                                               | Maquina_estados/Q[3]                                          | Maquina_estados/FSM_onehot_cur_state_reg[0]_7                                                                         |                1 |              1 |         1.00 |
|  CLK_IBUF_BUFG                                                                               | Maquina_estados/Q[3]                                          | Maquina_estados/FSM_onehot_cur_state_reg[0]_53                                                                        |                1 |              1 |         1.00 |
|  CLK_IBUF_BUFG                                                                               | Maquina_estados/Q[3]                                          | Maquina_estados/FSM_onehot_cur_state_reg[0]_33                                                                        |                1 |              1 |         1.00 |
|  CLK_IBUF_BUFG                                                                               | Maquina_estados/Q[3]                                          | Maquina_estados/FSM_onehot_cur_state_reg[0]_44                                                                        |                1 |              1 |         1.00 |
|  CLK_IBUF_BUFG                                                                               | Maquina_estados/Q[3]                                          | Maquina_estados/FSM_onehot_cur_state_reg[0]_49                                                                        |                1 |              1 |         1.00 |
|  CLK_IBUF_BUFG                                                                               | Maquina_estados/Q[3]                                          | Maquina_estados/FSM_onehot_cur_state_reg[0]_60                                                                        |                1 |              1 |         1.00 |
|  CLK_IBUF_BUFG                                                                               | Maquina_estados/Q[3]                                          | Maquina_estados/FSM_onehot_cur_state_reg[0]_34                                                                        |                1 |              1 |         1.00 |
|  CLK_IBUF_BUFG                                                                               | Maquina_estados/Q[3]                                          | Maquina_estados/FSM_onehot_cur_state_reg[0]_58                                                                        |                1 |              1 |         1.00 |
|  CLK_IBUF_BUFG                                                                               | Maquina_estados/Q[3]                                          | Maquina_estados/FSM_onehot_cur_state_reg[0]_37                                                                        |                1 |              1 |         1.00 |
|  CLK_IBUF_BUFG                                                                               | Maquina_estados/Q[3]                                          | Maquina_estados/FSM_onehot_cur_state_reg[0]_4                                                                         |                1 |              1 |         1.00 |
|  CLK_IBUF_BUFG                                                                               | Maquina_estados/Q[3]                                          | Maquina_estados/FSM_onehot_cur_state_reg[0]_9                                                                         |                1 |              1 |         1.00 |
|  CLK_IBUF_BUFG                                                                               | Maquina_estados/Q[3]                                          | Maquina_estados/FSM_onehot_cur_state_reg[0]_38                                                                        |                1 |              1 |         1.00 |
|  CLK_IBUF_BUFG                                                                               | Maquina_estados/Q[3]                                          | Maquina_estados/FSM_onehot_cur_state_reg[0]_39                                                                        |                1 |              1 |         1.00 |
|  CLK_IBUF_BUFG                                                                               | Maquina_estados/Q[3]                                          | Maquina_estados/FSM_onehot_cur_state_reg[0]_36                                                                        |                1 |              1 |         1.00 |
|  CLK_IBUF_BUFG                                                                               | Maquina_estados/Q[3]                                          | Maquina_estados/FSM_onehot_cur_state_reg[0]_48                                                                        |                1 |              1 |         1.00 |
|  CLK_IBUF_BUFG                                                                               | Maquina_estados/Q[3]                                          | Maquina_estados/FSM_onehot_cur_state_reg[0]_40                                                                        |                1 |              1 |         1.00 |
|  CLK_IBUF_BUFG                                                                               | Maquina_estados/Q[3]                                          | Maquina_estados/FSM_onehot_cur_state_reg[0]_6                                                                         |                1 |              1 |         1.00 |
|  CLK_IBUF_BUFG                                                                               | Maquina_estados/Q[3]                                          | Maquina_estados/FSM_onehot_cur_state_reg[0]_52                                                                        |                1 |              1 |         1.00 |
|  CLK_IBUF_BUFG                                                                               | Maquina_estados/Q[3]                                          | Maquina_estados/FSM_onehot_cur_state_reg[0]_56                                                                        |                1 |              1 |         1.00 |
|  CLK_IBUF_BUFG                                                                               | Maquina_estados/Q[3]                                          | Maquina_estados/FSM_onehot_cur_state_reg[0]_43                                                                        |                1 |              1 |         1.00 |
|  CLK_IBUF_BUFG                                                                               | Maquina_estados/Q[3]                                          | Maquina_estados/FSM_onehot_cur_state_reg[0]_42                                                                        |                1 |              1 |         1.00 |
|  CLK_IBUF_BUFG                                                                               | Maquina_estados/Q[3]                                          | Maquina_estados/FSM_onehot_cur_state_reg[0]_32                                                                        |                1 |              1 |         1.00 |
|  CLK_IBUF_BUFG                                                                               | Maquina_estados/Q[3]                                          | Maquina_estados/FSM_onehot_cur_state_reg[0]_5                                                                         |                1 |              1 |         1.00 |
|  CLK_IBUF_BUFG                                                                               | Maquina_estados/Q[3]                                          | Maquina_estados/FSM_onehot_cur_state_reg[0]_8                                                                         |                1 |              1 |         1.00 |
|  CLK_IBUF_BUFG                                                                               | Maquina_estados/Q[3]                                          | Maquina_estados/FSM_onehot_cur_state_reg[0]_55                                                                        |                1 |              1 |         1.00 |
|  CLK_IBUF_BUFG                                                                               | Maquina_estados/Q[3]                                          | Maquina_estados/FSM_onehot_cur_state_reg[0]_54                                                                        |                1 |              1 |         1.00 |
|  CLK_IBUF_BUFG                                                                               | Maquina_estados/Q[3]                                          | Maquina_estados/FSM_onehot_cur_state_reg[0]_57                                                                        |                1 |              1 |         1.00 |
|  CLK_IBUF_BUFG                                                                               | Maquina_estados/Q[3]                                          | Maquina_estados/FSM_onehot_cur_state_reg[0]_46                                                                        |                1 |              1 |         1.00 |
|  CLK_IBUF_BUFG                                                                               | Maquina_estados/Q[3]                                          | Maquina_estados/FSM_onehot_cur_state_reg[0]_35                                                                        |                1 |              1 |         1.00 |
|  CLK_IBUF_BUFG                                                                               | Maquina_estados/Q[3]                                          | Maquina_estados/FSM_onehot_cur_state_reg[0]_51                                                                        |                1 |              1 |         1.00 |
|  CLK_IBUF_BUFG                                                                               | Maquina_estados/Q[3]                                          | Maquina_estados/FSM_onehot_cur_state_reg[0]_47                                                                        |                1 |              1 |         1.00 |
|  CLK_IBUF_BUFG                                                                               | Maquina_estados/Q[3]                                          | Maquina_estados/FSM_onehot_cur_state_reg[0]_41                                                                        |                1 |              1 |         1.00 |
|  CLK_IBUF_BUFG                                                                               | Maquina_estados/Q[3]                                          | Maquina_estados/FSM_onehot_cur_state_reg[0]_59                                                                        |                1 |              1 |         1.00 |
|  CLK_IBUF_BUFG                                                                               | Maquina_estados/Q[3]                                          | Maquina_estados/FSM_onehot_cur_state_reg[0]_30                                                                        |                1 |              1 |         1.00 |
|  CLK_IBUF_BUFG                                                                               | Maquina_estados/Q[3]                                          | Maquina_estados/FSM_onehot_cur_state_reg[0]_31                                                                        |                1 |              1 |         1.00 |
|  CLK_IBUF_BUFG                                                                               | Maquina_estados/Q[3]                                          | Maquina_estados/FSM_onehot_cur_state_reg[0]_50                                                                        |                1 |              1 |         1.00 |
|  CLK_IBUF_BUFG                                                                               | Maquina_estados/Q[3]                                          | Maquina_estados/FSM_onehot_cur_state_reg[0]_61                                                                        |                1 |              1 |         1.00 |
|  CLK_IBUF_BUFG                                                                               | Maquina_estados/Q[3]                                          | Maquina_estados/FSM_onehot_cur_state_reg[0]_45                                                                        |                1 |              1 |         1.00 |
|  CLK_IBUF_BUFG                                                                               | Maquina_estados/Q[3]                                          | ControlCoche/Cooldown_dev/Temporizador/count_reg[18]_LDC_i_1_n_0                                                      |                1 |              1 |         1.00 |
|  CLK_IBUF_BUFG                                                                               | Maquina_estados/Q[3]                                          | ControlCoche/Cooldown_dev/Temporizador/count_reg[23]_LDC_i_1_n_0                                                      |                1 |              1 |         1.00 |
|  CLK_IBUF_BUFG                                                                               | Maquina_estados/Q[3]                                          | ControlCoche/Cooldown_dev/Temporizador/count_reg[24]_LDC_i_1_n_0                                                      |                1 |              1 |         1.00 |
|  CLK_IBUF_BUFG                                                                               | Maquina_estados/Q[3]                                          | ControlCoche/Cooldown_dev/Temporizador/count_reg[19]_LDC_i_1_n_0                                                      |                1 |              1 |         1.00 |
|  CLK_IBUF_BUFG                                                                               | Maquina_estados/Q[3]                                          | ControlCoche/Cooldown_dev/Temporizador/count_reg[21]_LDC_i_1_n_0                                                      |                1 |              1 |         1.00 |
|  CLK_IBUF_BUFG                                                                               | Maquina_estados/Q[3]                                          | ControlCoche/Cooldown_dev/Temporizador/count_reg[1]_LDC_i_1_n_0                                                       |                1 |              1 |         1.00 |
|  CLK_IBUF_BUFG                                                                               | Maquina_estados/Q[3]                                          | ControlCoche/Cooldown_dev/Temporizador/count_reg[27]_LDC_i_1_n_0                                                      |                1 |              1 |         1.00 |
|  CLK_IBUF_BUFG                                                                               | Maquina_estados/Q[3]                                          | ControlCoche/Cooldown_dev/Temporizador/count_reg[25]_LDC_i_1_n_0                                                      |                1 |              1 |         1.00 |
|  CLK_IBUF_BUFG                                                                               | Maquina_estados/Q[3]                                          | ControlCoche/Cooldown_dev/Temporizador/count_reg[16]_LDC_i_1_n_0                                                      |                1 |              1 |         1.00 |
|  CLK_IBUF_BUFG                                                                               | Maquina_estados/Q[3]                                          | ControlCoche/Cooldown_dev/Temporizador/count_reg[17]_LDC_i_1_n_0                                                      |                1 |              1 |         1.00 |
|  CLK_IBUF_BUFG                                                                               | Maquina_estados/Q[3]                                          | ControlCoche/Cooldown_dev/Temporizador/count_reg[20]_LDC_i_1_n_0                                                      |                1 |              1 |         1.00 |
|  CLK_IBUF_BUFG                                                                               | Maquina_estados/Q[3]                                          | ControlCoche/Cooldown_dev/Temporizador/count_reg[22]_LDC_i_1_n_0                                                      |                1 |              1 |         1.00 |
|  CLK_IBUF_BUFG                                                                               | Maquina_estados/Q[3]                                          | ControlCoche/Cooldown_dev/Temporizador/count_reg[26]_LDC_i_1_n_0                                                      |                1 |              1 |         1.00 |
|  CLK_IBUF_BUFG                                                                               | Maquina_estados/Q[3]                                          | ControlCoche/Cooldown_dev/Temporizador/count_reg[7]_LDC_i_1_n_0                                                       |                1 |              1 |         1.00 |
|  CLK_IBUF_BUFG                                                                               | Maquina_estados/Q[3]                                          | ControlCoche/Cooldown_dev/Temporizador/count_reg[5]_LDC_i_1_n_0                                                       |                1 |              1 |         1.00 |
|  CLK_IBUF_BUFG                                                                               | Maquina_estados/Q[3]                                          | ControlCoche/Cooldown_dev/Temporizador/count_reg[8]_LDC_i_1_n_0                                                       |                1 |              1 |         1.00 |
|  CLK_IBUF_BUFG                                                                               | Maquina_estados/Q[3]                                          | ControlCoche/Cooldown_dev/Temporizador/count_reg[29]_LDC_i_1_n_0                                                      |                1 |              1 |         1.00 |
|  CLK_IBUF_BUFG                                                                               | Maquina_estados/Q[3]                                          | ControlCoche/Cooldown_dev/Temporizador/count_reg[3]_LDC_i_1_n_0                                                       |                1 |              1 |         1.00 |
|  CLK_IBUF_BUFG                                                                               | Maquina_estados/Q[3]                                          | ControlCoche/Cooldown_dev/Temporizador/count_reg[6]_LDC_i_1_n_0                                                       |                1 |              1 |         1.00 |
|  CLK_IBUF_BUFG                                                                               | Maquina_estados/Q[3]                                          | ControlCoche/Cooldown_dev/Temporizador/count_reg[9]_LDC_i_1_n_0                                                       |                1 |              1 |         1.00 |
|  CLK_IBUF_BUFG                                                                               | Maquina_estados/Q[3]                                          | ControlCoche/Cooldown_dev/Temporizador/count_reg[4]_LDC_i_1_n_0                                                       |                1 |              1 |         1.00 |
|  CLK_IBUF_BUFG                                                                               | Maquina_estados/Q[3]                                          | ControlCoche/Cooldown_dev/Temporizador/count_reg[30]_LDC_i_1_n_0                                                      |                1 |              1 |         1.00 |
|  CLK_IBUF_BUFG                                                                               | Maquina_estados/Q[3]                                          | ControlCoche/Cooldown_dev/Temporizador/count_reg[28]_LDC_i_1_n_0                                                      |                1 |              1 |         1.00 |
|  CLK_IBUF_BUFG                                                                               | Maquina_estados/Q[3]                                          | ControlCoche/Cooldown_dev/Temporizador/count_reg[2]_LDC_i_1_n_0                                                       |                1 |              1 |         1.00 |
|  CLK_IBUF_BUFG                                                                               | Maquina_estados/Q[3]                                          | ControlCoche/Cooldown_dev/Temporizador/count_reg[11]_LDC_i_1_n_0                                                      |                1 |              1 |         1.00 |
|  CLK_IBUF_BUFG                                                                               |                                                               | Maquina_estados/Q[0]                                                                                                  |                2 |              2 |         1.00 |
|  Ctrl_impresion/inst_gestion_impresion_juego/mux_and_imp_juego_futuro/multiplexor_juego/E[0] |                                                               | Maquina_estados/AS[0]                                                                                                 |                5 |              8 |         1.60 |
|  CLK_IBUF_BUFG                                                                               | Maquina_estados/FSM_onehot_cur_state[7]_i_1_n_0               | Maquina_estados/FSM_onehot_cur_state[7]_i_3_n_0                                                                       |                3 |              8 |         2.67 |
|  CLK_IBUF_BUFG                                                                               | Barra_LED/Unidad_logica/E[0]                                  | Maquina_estados/Q[0]                                                                                                  |                7 |             16 |         2.29 |
|  CLK_IBUF_BUFG                                                                               |                                                               | gen_clk/timer_gen[0].tx/count[0]_i_2__0_n_0                                                                           |                8 |             31 |         3.88 |
|  CLK_IBUF_BUFG                                                                               |                                                               | gen_clk/timer_gen[1].tx/count[0]_i_2_n_0                                                                              |                8 |             31 |         3.88 |
|  CLK_IBUF_BUFG                                                                               | Maquina_estados/valor                                         | Maquina_estados/Q[0]                                                                                                  |                8 |             31 |         3.88 |
|  CLK_IBUF_BUFG                                                                               | Maquina_estados/FSM_onehot_cur_state_reg[0]_1[0]              | Maquina_estados/SR[0]                                                                                                 |                7 |             31 |         4.43 |
|  CLK_IBUF_BUFG                                                                               | SEL_DIF/valor                                                 | Maquina_estados/Q[0]                                                                                                  |                8 |             31 |         3.88 |
|  CLK_IBUF_BUFG                                                                               | Tratamiento_Botones/for_generate[4].inst_sync_edge/edge/valor | Maquina_estados/Q[0]                                                                                                  |                8 |             31 |         3.88 |
|  CLK_IBUF_BUFG                                                                               | Cuent_atras/FLANCO/E[0]                                       | Maquina_estados/Q[0]                                                                                                  |               11 |             31 |         2.82 |
|  CLK_IBUF_BUFG                                                                               | Cuent_atras/FLANCO/fase                                       | Maquina_estados/Q[0]                                                                                                  |                8 |             31 |         3.88 |
|  relojes_BUFG[1]                                                                             |                                                               | Impresion_texto/inst_mux_txt/i0[31]                                                                                   |                8 |             32 |         4.00 |
|  relojes_BUFG[1]                                                                             |                                                               | Ctrl_impresion/inst_gestion_impresion_juego/mux_and_imp_juego_actual/multiplexor_juego/i0_inferred__0/i__carry__2_n_0 |                8 |             32 |         4.00 |
|  relojes_BUFG[1]                                                                             |                                                               | Ctrl_impresion/inst_gestion_impresion_juego/mux_and_imp_juego_futuro/multiplexor_juego/clear                          |                8 |             32 |         4.00 |
|  CLK_IBUF_BUFG                                                                               |                                                               |                                                                                                                       |               21 |             46 |         2.19 |
|  relojes_BUFG[1]                                                                             |                                                               |                                                                                                                       |               38 |            109 |         2.87 |
+----------------------------------------------------------------------------------------------+---------------------------------------------------------------+-----------------------------------------------------------------------------------------------------------------------+------------------+----------------+--------------+


